[ 2015-01-14T13:00:09+08:00 ] ::1 /addressbook/index.php/Home/Yg/index
INFO: [ app_init ] --START--
INFO: Run Behavior\BuildLiteBehavior [ RunTime:0.000000s ]
INFO: [ app_init ] --END-- [ RunTime:0.000000s ]

[ 2015-01-14T13:01:10+08:00 ] ::1 /addressbook/index.php/Home/Yg/index
INFO: [ app_init ] --START--
INFO: Run Behavior\BuildLiteBehavior [ RunTime:0.000000s ]
INFO: [ app_init ] --END-- [ RunTime:0.000000s ]

[ 2015-01-14T13:04:07+08:00 ] ::1 /addressbook/index.php/Home/Yg/index
INFO: [ app_init ] --START--
INFO: Run Behavior\BuildLiteBehavior [ RunTime:0.000000s ]
INFO: [ app_init ] --END-- [ RunTime:0.000000s ]

[ 2015-01-14T13:04:18+08:00 ] ::1 /addressbook/index.php/Home/Yg/index
INFO: [ app_init ] --START--
INFO: Run Behavior\BuildLiteBehavior [ RunTime:0.000000s ]
INFO: [ app_init ] --END-- [ RunTime:0.000000s ]

[ 2015-01-14T13:04:21+08:00 ] ::1 /addressbook/index.php/Home/Yg/index/p/2.html
INFO: [ app_init ] --START--
INFO: Run Behavior\BuildLiteBehavior [ RunTime:0.000000s ]
INFO: [ app_init ] --END-- [ RunTime:0.000000s ]

[ 2015-01-14T13:04:23+08:00 ] ::1 /addressbook/index.php/Home/Yg/index/p/3.html
INFO: [ app_init ] --START--
INFO: Run Behavior\BuildLiteBehavior [ RunTime:0.000000s ]
INFO: [ app_init ] --END-- [ RunTime:0.000000s ]

[ 2015-01-14T13:04:30+08:00 ] ::1 /addressbook/index.php/Home/Yg/index/p/1.html
INFO: [ app_init ] --START--
INFO: Run Behavior\BuildLiteBehavior [ RunTime:0.000000s ]
INFO: [ app_init ] --END-- [ RunTime:0.015600s ]

[ 2015-01-14T13:04:41+08:00 ] ::1 /addressbook/index.php/Home/Yg/index/p/1.html
INFO: [ app_init ] --START--
INFO: Run Behavior\BuildLiteBehavior [ RunTime:0.000000s ]
INFO: [ app_init ] --END-- [ RunTime:0.000000s ]

[ 2015-01-14T13:04:47+08:00 ] ::1 /addressbook/index.php/Home/Yg/index/p/6.html
INFO: [ app_init ] --START--
INFO: Run Behavior\BuildLiteBehavior [ RunTime:0.000000s ]
INFO: [ app_init ] --END-- [ RunTime:0.000000s ]

[ 2015-01-14T13:05:01+08:00 ] ::1 /addressbook/index.php/Home/Yg/index/p/6.html
INFO: [ app_init ] --START--
INFO: Run Behavior\BuildLiteBehavior [ RunTime:0.000000s ]
INFO: [ app_init ] --END-- [ RunTime:0.000000s ]

[ 2015-01-14T13:05:05+08:00 ] ::1 /addressbook/index.php/Home/Yg/index/p/6.html
INFO: [ app_init ] --START--
INFO: Run Behavior\BuildLiteBehavior [ RunTime:0.000000s ]
INFO: [ app_init ] --END-- [ RunTime:0.000000s ]

[ 2015-01-14T13:05:16+08:00 ] ::1 /addressbook/index.php/Home/Yg/index
INFO: [ app_init ] --START--
INFO: Run Behavior\BuildLiteBehavior [ RunTime:0.000000s ]
INFO: [ app_init ] --END-- [ RunTime:0.000000s ]

[ 2015-01-14T13:05:19+08:00 ] ::1 /addressbook/index.php/Home/Yg/index/p/3.html
INFO: [ app_init ] --START--
INFO: Run Behavior\BuildLiteBehavior [ RunTime:0.000000s ]
INFO: [ app_init ] --END-- [ RunTime:0.000000s ]

[ 2015-01-14T13:05:22+08:00 ] ::1 /addressbook/index.php/Home/Yg/index/p/1.html
INFO: [ app_init ] --START--
INFO: Run Behavior\BuildLiteBehavior [ RunTime:0.000000s ]
INFO: [ app_init ] --END-- [ RunTime:0.000000s ]

[ 2015-01-14T13:05:39+08:00 ] ::1 /addressbook/index.php/Home/Yg/index
INFO: [ app_init ] --START--
INFO: Run Behavior\BuildLiteBehavior [ RunTime:0.000000s ]
INFO: [ app_init ] --END-- [ RunTime:0.000000s ]

[ 2015-01-14T13:06:11+08:00 ] ::1 /addressbook/index.php/Home/Yg/index/p/1.html
INFO: [ app_init ] --START--
INFO: Run Behavior\BuildLiteBehavior [ RunTime:0.000000s ]
INFO: [ app_init ] --END-- [ RunTime:0.000000s ]

[ 2015-01-14T13:06:15+08:00 ] ::1 /addressbook/index.php/Home/Yg/index
INFO: [ app_init ] --START--
INFO: Run Behavior\BuildLiteBehavior [ RunTime:0.000000s ]
INFO: [ app_init ] --END-- [ RunTime:0.000000s ]

[ 2015-01-14T13:07:50+08:00 ] ::1 /addressbook/index.php/Home/Yg/index
INFO: [ app_init ] --START--
INFO: Run Behavior\BuildLiteBehavior [ RunTime:0.000000s ]
INFO: [ app_init ] --END-- [ RunTime:0.010000s ]

[ 2015-01-14T13:08:00+08:00 ] ::1 /addressbook/index.php/Home/Yg/index
INFO: [ app_init ] --START--
INFO: Run Behavior\BuildLiteBehavior [ RunTime:0.000000s ]
INFO: [ app_init ] --END-- [ RunTime:0.000000s ]

[ 2015-01-14T13:08:07+08:00 ] ::1 /addressbook/index.php/Home/Yg/index
INFO: [ app_init ] --START--
INFO: Run Behavior\BuildLiteBehavior [ RunTime:0.000000s ]
INFO: [ app_init ] --END-- [ RunTime:0.000000s ]

[ 2015-01-14T13:08:17+08:00 ] ::1 /addressbook/index.php/Home/Yg/index
INFO: [ app_init ] --START--
INFO: Run Behavior\BuildLiteBehavior [ RunTime:0.000000s ]
INFO: [ app_init ] --END-- [ RunTime:0.000000s ]

[ 2015-01-14T13:08:27+08:00 ] ::1 /addressbook/index.php/Home/Yg/index
INFO: [ app_init ] --START--
INFO: Run Behavior\BuildLiteBehavior [ RunTime:0.000000s ]
INFO: [ app_init ] --END-- [ RunTime:0.000000s ]

[ 2015-01-14T13:08:57+08:00 ] ::1 /addressbook/index.php/Home/Yg/index
INFO: [ app_init ] --START--
INFO: Run Behavior\BuildLiteBehavior [ RunTime:0.000000s ]
INFO: [ app_init ] --END-- [ RunTime:0.000000s ]

[ 2015-01-14T13:09:00+08:00 ] ::1 /addressbook/index.php/Home/Yg/index/p/2.html
INFO: [ app_init ] --START--
INFO: Run Behavior\BuildLiteBehavior [ RunTime:0.000000s ]
INFO: [ app_init ] --END-- [ RunTime:0.000000s ]

[ 2015-01-14T13:09:06+08:00 ] ::1 /addressbook/index.php/Home/Yg/index
INFO: [ app_init ] --START--
INFO: Run Behavior\BuildLiteBehavior [ RunTime:0.000000s ]
INFO: [ app_init ] --END-- [ RunTime:0.000000s ]

[ 2015-01-14T13:09:18+08:00 ] ::1 /addressbook/index.php/Home/Yg/index/p/2.html
INFO: [ app_init ] --START--
INFO: Run Behavior\BuildLiteBehavior [ RunTime:0.000000s ]
INFO: [ app_init ] --END-- [ RunTime:0.000000s ]

[ 2015-01-14T13:09:21+08:00 ] ::1 /addressbook/index.php/Home/Yg/index/p/3.html
INFO: [ app_init ] --START--
INFO: Run Behavior\BuildLiteBehavior [ RunTime:0.000000s ]
INFO: [ app_init ] --END-- [ RunTime:0.000000s ]

[ 2015-01-14T13:09:29+08:00 ] ::1 /addressbook/index.php/Home/Yg/index
INFO: [ app_init ] --START--
INFO: Run Behavior\BuildLiteBehavior [ RunTime:0.000000s ]
INFO: [ app_init ] --END-- [ RunTime:0.000000s ]

[ 2015-01-14T13:09:42+08:00 ] ::1 /addressbook/index.php/Home/Yg/index
INFO: [ app_init ] --START--
INFO: Run Behavior\BuildLiteBehavior [ RunTime:0.000000s ]
INFO: [ app_init ] --END-- [ RunTime:0.000000s ]

[ 2015-01-14T13:09:45+08:00 ] ::1 /addressbook/index.php/Home/Yg/index
INFO: [ app_init ] --START--
INFO: Run Behavior\BuildLiteBehavior [ RunTime:0.000000s ]
INFO: [ app_init ] --END-- [ RunTime:0.000000s ]

[ 2015-01-14T13:09:59+08:00 ] ::1 /addressbook/index.php/Home/Yg/index
INFO: [ app_init ] --START--
INFO: Run Behavior\BuildLiteBehavior [ RunTime:0.000000s ]
INFO: [ app_init ] --END-- [ RunTime:0.000000s ]

[ 2015-01-14T13:11:44+08:00 ] ::1 /addressbook/index.php/Home/Yg/index
INFO: [ app_init ] --START--
INFO: Run Behavior\BuildLiteBehavior [ RunTime:0.000000s ]
INFO: [ app_init ] --END-- [ RunTime:0.000000s ]

[ 2015-01-14T13:12:12+08:00 ] ::1 /addressbook/index.php/Home/Yg/index
INFO: [ app_init ] --START--
INFO: Run Behavior\BuildLiteBehavior [ RunTime:0.000000s ]
INFO: [ app_init ] --END-- [ RunTime:0.000000s ]

[ 2015-01-14T13:12:24+08:00 ] ::1 /addressbook/index.php/Home/Yg/index
INFO: [ app_init ] --START--
INFO: Run Behavior\BuildLiteBehavior [ RunTime:0.000000s ]
INFO: [ app_init ] --END-- [ RunTime:0.000000s ]

[ 2015-01-14T13:12:53+08:00 ] ::1 /addressbook/index.php/Home/Yg/index
INFO: [ app_init ] --START--
INFO: Run Behavior\BuildLiteBehavior [ RunTime:0.000000s ]
INFO: [ app_init ] --END-- [ RunTime:0.000000s ]

[ 2015-01-14T13:13:14+08:00 ] ::1 /addressbook/index.php/Home/Yg/index
INFO: [ app_init ] --START--
INFO: Run Behavior\BuildLiteBehavior [ RunTime:0.000000s ]
INFO: [ app_init ] --END-- [ RunTime:0.000000s ]

[ 2015-01-14T13:18:39+08:00 ] ::1 /addressbook/index.php/Home/Yg/index
INFO: [ app_init ] --START--
INFO: Run Behavior\BuildLiteBehavior [ RunTime:0.000000s ]
INFO: [ app_init ] --END-- [ RunTime:0.000000s ]

[ 2015-01-14T13:18:48+08:00 ] ::1 /addressbook/index.php/Home/Yg/index/p/2.html
INFO: [ app_init ] --START--
INFO: Run Behavior\BuildLiteBehavior [ RunTime:0.000000s ]
INFO: [ app_init ] --END-- [ RunTime:0.000000s ]

[ 2015-01-14T13:19:01+08:00 ] ::1 /addressbook/index.php/Home/Yg/index/p/1.html
INFO: [ app_init ] --START--
INFO: Run Behavior\BuildLiteBehavior [ RunTime:0.000000s ]
INFO: [ app_init ] --END-- [ RunTime:0.000000s ]

[ 2015-01-14T13:19:14+08:00 ] ::1 /addressbook/index.php/Home/Yg/index/p/1.html
INFO: [ app_init ] --START--
INFO: Run Behavior\BuildLiteBehavior [ RunTime:0.000000s ]
INFO: [ app_init ] --END-- [ RunTime:0.000000s ]

[ 2015-01-14T13:19:20+08:00 ] ::1 /addressbook/index.php/Home/Yg/index
INFO: [ app_init ] --START--
INFO: Run Behavior\BuildLiteBehavior [ RunTime:0.000000s ]
INFO: [ app_init ] --END-- [ RunTime:0.000000s ]

[ 2015-01-14T13:19:25+08:00 ] ::1 /addressbook/index.php/Home/Yg/index
INFO: [ app_init ] --START--
INFO: Run Behavior\BuildLiteBehavior [ RunTime:0.000000s ]
INFO: [ app_init ] --END-- [ RunTime:0.000000s ]

[ 2015-01-14T13:19:45+08:00 ] ::1 /addressbook/index.php/Home/Yg/index/p/2.html
INFO: [ app_init ] --START--
INFO: Run Behavior\BuildLiteBehavior [ RunTime:0.000000s ]
INFO: [ app_init ] --END-- [ RunTime:0.000000s ]

[ 2015-01-14T13:19:53+08:00 ] ::1 /addressbook/index.php/Home/Yg/index/p/1.html
INFO: [ app_init ] --START--
INFO: Run Behavior\BuildLiteBehavior [ RunTime:0.000000s ]
INFO: [ app_init ] --END-- [ RunTime:0.000000s ]

[ 2015-01-14T13:19:55+08:00 ] ::1 /addressbook/index.php/Home/Yg/index/p/6.html
INFO: [ app_init ] --START--
INFO: Run Behavior\BuildLiteBehavior [ RunTime:0.000000s ]
INFO: [ app_init ] --END-- [ RunTime:0.000000s ]

[ 2015-01-14T13:19:57+08:00 ] ::1 /addressbook/index.php/Home/Yg/index/p/3.html
INFO: [ app_init ] --START--
INFO: Run Behavior\BuildLiteBehavior [ RunTime:0.000000s ]
INFO: [ app_init ] --END-- [ RunTime:0.000000s ]

[ 2015-01-14T13:23:24+08:00 ] ::1 /addressbook/index.php/Home/Yg/index/p/1.html
INFO: [ app_init ] --START--
INFO: Run Behavior\BuildLiteBehavior [ RunTime:0.000000s ]
INFO: [ app_init ] --END-- [ RunTime:0.000000s ]

[ 2015-01-14T13:23:33+08:00 ] ::1 /addressbook/index.php/Home/Yg/index
INFO: [ app_init ] --START--
INFO: Run Behavior\BuildLiteBehavior [ RunTime:0.000000s ]
INFO: [ app_init ] --END-- [ RunTime:0.000000s ]

[ 2015-01-14T13:23:36+08:00 ] ::1 /addressbook/index.php/Home/Yg/index/keywords/wht/type/ygname/p/2.html
INFO: [ app_init ] --START--
INFO: Run Behavior\BuildLiteBehavior [ RunTime:0.000000s ]
INFO: [ app_init ] --END-- [ RunTime:0.000000s ]

[ 2015-01-14T13:24:05+08:00 ] ::1 /addressbook/index.php/Home/Yg/index/keywords/wht/type/ygname/p/3.html
INFO: [ app_init ] --START--
INFO: Run Behavior\BuildLiteBehavior [ RunTime:0.000000s ]
INFO: [ app_init ] --END-- [ RunTime:0.000000s ]

[ 2015-01-14T13:24:07+08:00 ] ::1 /addressbook/index.php/Home/Yg/index/keywords/wht/type/ygname/p/4.html
INFO: [ app_init ] --START--
INFO: Run Behavior\BuildLiteBehavior [ RunTime:0.000000s ]
INFO: [ app_init ] --END-- [ RunTime:0.000000s ]

[ 2015-01-14T13:24:09+08:00 ] ::1 /addressbook/index.php/Home/Yg/index/keywords/wht/type/ygname/p/5.html
INFO: [ app_init ] --START--
INFO: Run Behavior\BuildLiteBehavior [ RunTime:0.000000s ]
INFO: [ app_init ] --END-- [ RunTime:0.000000s ]

[ 2015-01-14T13:27:18+08:00 ] ::1 /addressbook/index.php/Home/Yg/index/keywords/wht/type/ygname/p/5.html
INFO: [ app_init ] --START--
INFO: Run Behavior\BuildLiteBehavior [ RunTime:0.000000s ]
INFO: [ app_init ] --END-- [ RunTime:0.000000s ]

[ 2015-01-14T13:27:26+08:00 ] ::1 /addressbook/index.php/Home/Yg/index
INFO: [ app_init ] --START--
INFO: Run Behavior\BuildLiteBehavior [ RunTime:0.000000s ]
INFO: [ app_init ] --END-- [ RunTime:0.000000s ]

[ 2015-01-14T13:27:31+08:00 ] ::1 /addressbook/index.php/Home/Yg/index
INFO: [ app_init ] --START--
INFO: Run Behavior\BuildLiteBehavior [ RunTime:0.000000s ]
INFO: [ app_init ] --END-- [ RunTime:0.000000s ]

[ 2015-01-14T13:27:35+08:00 ] ::1 /addressbook/index.php/Home/Yg/index/keywords/wht/type/ygname/p/2.html
INFO: [ app_init ] --START--
INFO: Run Behavior\BuildLiteBehavior [ RunTime:0.000000s ]
INFO: [ app_init ] --END-- [ RunTime:0.000000s ]

[ 2015-01-14T13:27:45+08:00 ] ::1 /addressbook/index.php/Home/Yg/index/keywords/wht/type/ygname/p/1.html
INFO: [ app_init ] --START--
INFO: Run Behavior\BuildLiteBehavior [ RunTime:0.000000s ]
INFO: [ app_init ] --END-- [ RunTime:0.000000s ]

[ 2015-01-14T13:30:20+08:00 ] ::1 /addressbook/index.php/Home/Yg/index/keywords/wht/type/ygname/p/1.html
INFO: [ app_init ] --START--
INFO: Run Behavior\BuildLiteBehavior [ RunTime:0.000000s ]
INFO: [ app_init ] --END-- [ RunTime:0.000000s ]

[ 2015-01-14T13:30:22+08:00 ] ::1 /addressbook/index.php/Home/Yg/index/keywords/wht/type/ygname/p/1.html
INFO: [ app_init ] --START--
INFO: Run Behavior\BuildLiteBehavior [ RunTime:0.000000s ]
INFO: [ app_init ] --END-- [ RunTime:0.000000s ]

[ 2015-01-14T13:30:25+08:00 ] ::1 /addressbook/index.php/Home/Yg/index/keywords/wht/type/ygname/p/2.html
INFO: [ app_init ] --START--
INFO: Run Behavior\BuildLiteBehavior [ RunTime:0.000000s ]
INFO: [ app_init ] --END-- [ RunTime:0.000000s ]

[ 2015-01-14T13:30:37+08:00 ] ::1 /addressbook/index.php/Home/Yg/index
INFO: [ app_init ] --START--
INFO: Run Behavior\BuildLiteBehavior [ RunTime:0.000000s ]
INFO: [ app_init ] --END-- [ RunTime:0.001000s ]

[ 2015-01-14T13:30:39+08:00 ] ::1 /addressbook/index.php/Home/Yg/index/p/2.html
INFO: [ app_init ] --START--
INFO: Run Behavior\BuildLiteBehavior [ RunTime:0.000000s ]
INFO: [ app_init ] --END-- [ RunTime:0.000000s ]

[ 2015-01-14T13:30:42+08:00 ] ::1 /addressbook/index.php/Home/Yg/index/p/3.html
INFO: [ app_init ] --START--
INFO: Run Behavior\BuildLiteBehavior [ RunTime:0.000000s ]
INFO: [ app_init ] --END-- [ RunTime:0.000000s ]

[ 2015-01-14T13:30:44+08:00 ] ::1 /addressbook/index.php/Home/Yg/index/p/4.html
INFO: [ app_init ] --START--
INFO: Run Behavior\BuildLiteBehavior [ RunTime:0.000000s ]
INFO: [ app_init ] --END-- [ RunTime:0.000000s ]

[ 2015-01-14T13:30:46+08:00 ] ::1 /addressbook/index.php/Home/Yg/index/p/2.html
INFO: [ app_init ] --START--
INFO: Run Behavior\BuildLiteBehavior [ RunTime:0.000000s ]
INFO: [ app_init ] --END-- [ RunTime:0.000000s ]

[ 2015-01-14T13:30:49+08:00 ] ::1 /addressbook/index.php/Home/Yg/index/p/6.html
INFO: [ app_init ] --START--
INFO: Run Behavior\BuildLiteBehavior [ RunTime:0.000000s ]
INFO: [ app_init ] --END-- [ RunTime:0.000000s ]

[ 2015-01-14T13:30:51+08:00 ] ::1 /addressbook/index.php/Home/Yg/index/p/3.html
INFO: [ app_init ] --START--
INFO: Run Behavior\BuildLiteBehavior [ RunTime:0.000000s ]
INFO: [ app_init ] --END-- [ RunTime:0.000000s ]

[ 2015-01-14T13:30:59+08:00 ] ::1 /addressbook/index.php/Home/Yg/index
INFO: [ app_init ] --START--
INFO: Run Behavior\BuildLiteBehavior [ RunTime:0.000000s ]
INFO: [ app_init ] --END-- [ RunTime:0.000000s ]

[ 2015-01-14T13:31:09+08:00 ] ::1 /addressbook/index.php/Home/Yg/index/keywords/wht/type/ygname/p/2.html
INFO: [ app_init ] --START--
INFO: Run Behavior\BuildLiteBehavior [ RunTime:0.000000s ]
INFO: [ app_init ] --END-- [ RunTime:0.000000s ]

[ 2015-01-14T13:31:26+08:00 ] ::1 /addressbook/index.php/Home/Yg/index
INFO: [ app_init ] --START--
INFO: Run Behavior\BuildLiteBehavior [ RunTime:0.000000s ]
INFO: [ app_init ] --END-- [ RunTime:0.000000s ]

[ 2015-01-14T13:32:38+08:00 ] ::1 /addressbook/index.php/Home/Yg/index/dd/sdf/p/2.html
INFO: [ app_init ] --START--
INFO: Run Behavior\BuildLiteBehavior [ RunTime:0.000000s ]
INFO: [ app_init ] --END-- [ RunTime:0.000000s ]

[ 2015-01-14T13:32:59+08:00 ] ::1 /addressbook/index.php/Home/Yg/index
INFO: [ app_init ] --START--
INFO: Run Behavior\BuildLiteBehavior [ RunTime:0.000000s ]
INFO: [ app_init ] --END-- [ RunTime:0.000000s ]

[ 2015-01-14T13:34:05+08:00 ] ::1 /addressbook/index.php/Home/Yg/index
INFO: [ app_init ] --START--
INFO: Run Behavior\BuildLiteBehavior [ RunTime:0.000000s ]
INFO: [ app_init ] --END-- [ RunTime:0.001000s ]

[ 2015-01-14T13:34:09+08:00 ] ::1 /addressbook/index.php/Home/Yg/index
INFO: [ app_init ] --START--
INFO: Run Behavior\BuildLiteBehavior [ RunTime:0.000000s ]
INFO: [ app_init ] --END-- [ RunTime:0.000000s ]

[ 2015-01-14T13:34:23+08:00 ] ::1 /addressbook/index.php/Home/Yg/index
INFO: [ app_init ] --START--
INFO: Run Behavior\BuildLiteBehavior [ RunTime:0.000000s ]
INFO: [ app_init ] --END-- [ RunTime:0.000000s ]

[ 2015-01-14T13:34:36+08:00 ] ::1 /addressbook/index.php/Home/Yg/index/keywords/wht/type/ygname/p/2.html
INFO: [ app_init ] --START--
INFO: Run Behavior\BuildLiteBehavior [ RunTime:0.000000s ]
INFO: [ app_init ] --END-- [ RunTime:0.000000s ]

[ 2015-01-14T13:38:08+08:00 ] ::1 /addressbook/index.php/Home/Yg/index/keywords/wht/type/ygname/p/5.html
INFO: [ app_init ] --START--
INFO: Run Behavior\BuildLiteBehavior [ RunTime:0.000000s ]
INFO: [ app_init ] --END-- [ RunTime:0.000000s ]

[ 2015-01-14T13:38:12+08:00 ] ::1 /addressbook/index.php/Home/Yg/index
INFO: [ app_init ] --START--
INFO: Run Behavior\BuildLiteBehavior [ RunTime:0.000000s ]
INFO: [ app_init ] --END-- [ RunTime:0.000000s ]

[ 2015-01-14T13:38:18+08:00 ] ::1 /addressbook/index.php/Home/Yg/index/keywords/wht/type/ygname/p/2.html
INFO: [ app_init ] --START--
INFO: Run Behavior\BuildLiteBehavior [ RunTime:0.000000s ]
INFO: [ app_init ] --END-- [ RunTime:0.000000s ]

[ 2015-01-14T13:39:12+08:00 ] ::1 /addressbook/index.php/Home/Yg/index/keywords/wht/type/ygname/p/2.html
INFO: [ app_init ] --START--
INFO: Run Behavior\BuildLiteBehavior [ RunTime:0.000000s ]
INFO: [ app_init ] --END-- [ RunTime:0.000000s ]

[ 2015-01-14T13:39:23+08:00 ] ::1 /addressbook/index.php/Home/Yg/index
INFO: [ app_init ] --START--
INFO: Run Behavior\BuildLiteBehavior [ RunTime:0.000000s ]
INFO: [ app_init ] --END-- [ RunTime:0.000000s ]

[ 2015-01-14T13:39:27+08:00 ] ::1 /addressbook/index.php/Home/Yg/index
INFO: [ app_init ] --START--
INFO: Run Behavior\BuildLiteBehavior [ RunTime:0.000000s ]
INFO: [ app_init ] --END-- [ RunTime:0.000000s ]

[ 2015-01-14T13:39:32+08:00 ] ::1 /addressbook/index.php/Home/Yg/index/keywords/wht/type/ygname/p/2.html
INFO: [ app_init ] --START--
INFO: Run Behavior\BuildLiteBehavior [ RunTime:0.000000s ]
INFO: [ app_init ] --END-- [ RunTime:0.001000s ]

[ 2015-01-14T13:39:50+08:00 ] ::1 /addressbook/index.php/Home/Yg/index/keywords/wht/type/ygname/p/2.html
INFO: [ app_init ] --START--
INFO: Run Behavior\BuildLiteBehavior [ RunTime:0.000000s ]
INFO: [ app_init ] --END-- [ RunTime:0.000000s ]

[ 2015-01-14T13:39:57+08:00 ] ::1 /addressbook/index.php/Home/Yg/index
INFO: [ app_init ] --START--
INFO: Run Behavior\BuildLiteBehavior [ RunTime:0.000000s ]
INFO: [ app_init ] --END-- [ RunTime:0.000000s ]

[ 2015-01-14T13:40:23+08:00 ] ::1 /addressbook/index.php/Home/Yg/index
INFO: [ app_init ] --START--
INFO: Run Behavior\BuildLiteBehavior [ RunTime:0.000000s ]
INFO: [ app_init ] --END-- [ RunTime:0.000000s ]

[ 2015-01-14T13:40:28+08:00 ] ::1 /addressbook/index.php/Home/Yg/index/p/2.html
INFO: [ app_init ] --START--
INFO: Run Behavior\BuildLiteBehavior [ RunTime:0.000000s ]
INFO: [ app_init ] --END-- [ RunTime:0.000000s ]

[ 2015-01-14T13:40:30+08:00 ] ::1 /addressbook/index.php/Home/Yg/index/p/3.html
INFO: [ app_init ] --START--
INFO: Run Behavior\BuildLiteBehavior [ RunTime:0.000000s ]
INFO: [ app_init ] --END-- [ RunTime:0.000000s ]

[ 2015-01-14T13:42:14+08:00 ] ::1 /addressbook/index.php/Home/Yg/index
INFO: [ app_init ] --START--
INFO: Run Behavior\BuildLiteBehavior [ RunTime:0.000000s ]
INFO: [ app_init ] --END-- [ RunTime:0.000000s ]

[ 2015-01-14T13:42:19+08:00 ] ::1 /addressbook/index.php/Home/Yg/index
INFO: [ app_init ] --START--
INFO: Run Behavior\BuildLiteBehavior [ RunTime:0.000000s ]
INFO: [ app_init ] --END-- [ RunTime:0.000000s ]

[ 2015-01-14T13:42:23+08:00 ] ::1 /addressbook/index.php/Home/Yg/index/keywords/wht/type/ygname/p/2.html
INFO: [ app_init ] --START--
INFO: Run Behavior\BuildLiteBehavior [ RunTime:0.000000s ]
INFO: [ app_init ] --END-- [ RunTime:0.000000s ]

[ 2015-01-14T13:46:02+08:00 ] ::1 /addressbook/index.php/Home/Yg/index/keywords/wht/type/ygname/p/2.html
INFO: [ app_init ] --START--
INFO: Run Behavior\BuildLiteBehavior [ RunTime:0.000000s ]
INFO: [ app_init ] --END-- [ RunTime:0.000000s ]

[ 2015-01-14T13:46:12+08:00 ] ::1 /addressbook/index.php/Home/Yg/index/keywords/wht/type/ygname/p/2.html
INFO: [ app_init ] --START--
INFO: Run Behavior\BuildLiteBehavior [ RunTime:0.000000s ]
INFO: [ app_init ] --END-- [ RunTime:0.000000s ]

[ 2015-01-14T13:46:20+08:00 ] ::1 /addressbook/index.php/Home/Yg/index
INFO: [ app_init ] --START--
INFO: Run Behavior\BuildLiteBehavior [ RunTime:0.000000s ]
INFO: [ app_init ] --END-- [ RunTime:0.000000s ]

[ 2015-01-14T13:46:25+08:00 ] ::1 /addressbook/index.php/Home/Yg/index
INFO: [ app_init ] --START--
INFO: Run Behavior\BuildLiteBehavior [ RunTime:0.000000s ]
INFO: [ app_init ] --END-- [ RunTime:0.000000s ]

[ 2015-01-14T13:46:30+08:00 ] ::1 /addressbook/index.php/Home/Yg/index/keywords/wht/type/ygname/p/2.html
INFO: [ app_init ] --START--
INFO: Run Behavior\BuildLiteBehavior [ RunTime:0.000000s ]
INFO: [ app_init ] --END-- [ RunTime:0.000000s ]

[ 2015-01-14T13:46:34+08:00 ] ::1 /addressbook/index.php/Home/Yg/index/keywords/wht/type/ygname/p/3.html
INFO: [ app_init ] --START--
INFO: Run Behavior\BuildLiteBehavior [ RunTime:0.000000s ]
INFO: [ app_init ] --END-- [ RunTime:0.000000s ]

[ 2015-01-14T13:46:36+08:00 ] ::1 /addressbook/index.php/Home/Yg/index/keywords/wht/type/ygname/p/4.html
INFO: [ app_init ] --START--
INFO: Run Behavior\BuildLiteBehavior [ RunTime:0.000000s ]
INFO: [ app_init ] --END-- [ RunTime:0.015600s ]

[ 2015-01-14T13:46:39+08:00 ] ::1 /addressbook/index.php/Home/Yg/index/keywords/wht/type/ygname/p/5.html
INFO: [ app_init ] --START--
INFO: Run Behavior\BuildLiteBehavior [ RunTime:0.000000s ]
INFO: [ app_init ] --END-- [ RunTime:0.000000s ]

[ 2015-01-14T13:46:43+08:00 ] ::1 /addressbook/index.php/Home/Yg/index/keywords/wht/type/ygname/p/6.html
INFO: [ app_init ] --START--
INFO: Run Behavior\BuildLiteBehavior [ RunTime:0.000000s ]
INFO: [ app_init ] --END-- [ RunTime:0.000000s ]

[ 2015-01-14T13:46:53+08:00 ] ::1 /addressbook/index.php/Home/Yg/index
INFO: [ app_init ] --START--
INFO: Run Behavior\BuildLiteBehavior [ RunTime:0.000000s ]
INFO: [ app_init ] --END-- [ RunTime:0.000000s ]

[ 2015-01-14T13:48:52+08:00 ] ::1 /addressbook/index.php/Home/Yg/index
INFO: [ app_init ] --START--
INFO: Run Behavior\BuildLiteBehavior [ RunTime:0.000000s ]
INFO: [ app_init ] --END-- [ RunTime:0.000000s ]

[ 2015-01-14T13:48:57+08:00 ] ::1 /addressbook/index.php/Home/Yg/index
INFO: [ app_init ] --START--
INFO: Run Behavior\BuildLiteBehavior [ RunTime:0.000000s ]
INFO: [ app_init ] --END-- [ RunTime:0.000000s ]

[ 2015-01-14T13:48:59+08:00 ] ::1 /addressbook/index.php/Home/Yg/index/keywords/wht/type/ygname/p/2.html
INFO: [ app_init ] --START--
INFO: Run Behavior\BuildLiteBehavior [ RunTime:0.000000s ]
INFO: [ app_init ] --END-- [ RunTime:0.000000s ]

[ 2015-01-14T13:49:09+08:00 ] ::1 /addressbook/index.php/Home/Yg/index/keywords/wht/type/ygname/p/2.html
INFO: [ app_init ] --START--
INFO: Run Behavior\BuildLiteBehavior [ RunTime:0.000000s ]
INFO: [ app_init ] --END-- [ RunTime:0.000000s ]

[ 2015-01-14T13:49:56+08:00 ] ::1 /addressbook/index.php/Home/Yg/index/keywords/wht/type/ygname/p/2.html
INFO: [ app_init ] --START--
INFO: Run Behavior\BuildLiteBehavior [ RunTime:0.000000s ]
INFO: [ app_init ] --END-- [ RunTime:0.000000s ]

[ 2015-01-14T13:50:03+08:00 ] ::1 /addressbook/index.php/Home/Yg/index
INFO: [ app_init ] --START--
INFO: Run Behavior\BuildLiteBehavior [ RunTime:0.000000s ]
INFO: [ app_init ] --END-- [ RunTime:0.000000s ]

[ 2015-01-14T13:50:07+08:00 ] ::1 /addressbook/index.php/Home/Yg/index
INFO: [ app_init ] --START--
INFO: Run Behavior\BuildLiteBehavior [ RunTime:0.000000s ]
INFO: [ app_init ] --END-- [ RunTime:0.000000s ]

[ 2015-01-14T13:50:10+08:00 ] ::1 /addressbook/index.php/Home/Yg/index/keywords/wht/type/ygname/p/2.html
INFO: [ app_init ] --START--
INFO: Run Behavior\BuildLiteBehavior [ RunTime:0.000000s ]
INFO: [ app_init ] --END-- [ RunTime:0.000000s ]

[ 2015-01-14T13:51:17+08:00 ] ::1 /addressbook/index.php/Home/Yg/index
INFO: [ app_init ] --START--
INFO: Run Behavior\BuildLiteBehavior [ RunTime:0.000000s ]
INFO: [ app_init ] --END-- [ RunTime:0.000000s ]

[ 2015-01-14T13:51:20+08:00 ] ::1 /addressbook/index.php/Home/Yg/index
INFO: [ app_init ] --START--
INFO: Run Behavior\BuildLiteBehavior [ RunTime:0.000000s ]
INFO: [ app_init ] --END-- [ RunTime:0.000000s ]

[ 2015-01-14T13:51:23+08:00 ] ::1 /addressbook/index.php/Home/Yg/index/keywords/wht/type/ygname/p/2.html
INFO: [ app_init ] --START--
INFO: Run Behavior\BuildLiteBehavior [ RunTime:0.000000s ]
INFO: [ app_init ] --END-- [ RunTime:0.000000s ]

[ 2015-01-14T13:52:43+08:00 ] ::1 /addressbook/index.php/Home/Yg/index/keywords/wht/type/ygname/p/2.html
INFO: [ app_init ] --START--
INFO: Run Behavior\BuildLiteBehavior [ RunTime:0.000000s ]
INFO: [ app_init ] --END-- [ RunTime:0.000000s ]

[ 2015-01-14T13:52:48+08:00 ] ::1 /addressbook/index.php/Home/Yg/index
INFO: [ app_init ] --START--
INFO: Run Behavior\BuildLiteBehavior [ RunTime:0.000000s ]
INFO: [ app_init ] --END-- [ RunTime:0.000000s ]

[ 2015-01-14T13:52:52+08:00 ] ::1 /addressbook/index.php/Home/Yg/index
INFO: [ app_init ] --START--
INFO: Run Behavior\BuildLiteBehavior [ RunTime:0.000000s ]
INFO: [ app_init ] --END-- [ RunTime:0.000000s ]

[ 2015-01-14T13:52:54+08:00 ] ::1 /addressbook/index.php/Home/Yg/index/p/2.html
INFO: [ app_init ] --START--
INFO: Run Behavior\BuildLiteBehavior [ RunTime:0.000000s ]
INFO: [ app_init ] --END-- [ RunTime:0.000000s ]

[ 2015-01-14T13:52:59+08:00 ] ::1 /addressbook/index.php/Home/Yg/index/p/3.html
INFO: [ app_init ] --START--
INFO: Run Behavior\BuildLiteBehavior [ RunTime:0.000000s ]
INFO: [ app_init ] --END-- [ RunTime:0.000000s ]

[ 2015-01-14T13:53:01+08:00 ] ::1 /addressbook/index.php/Home/Yg/index/p/4.html
INFO: [ app_init ] --START--
INFO: Run Behavior\BuildLiteBehavior [ RunTime:0.000000s ]
INFO: [ app_init ] --END-- [ RunTime:0.000000s ]

[ 2015-01-14T13:58:29+08:00 ] ::1 /addressbook/index.php/Home/Yg/index/keywords/wht/type/ygname/p/2.html
INFO: [ app_init ] --START--
INFO: Run Behavior\BuildLiteBehavior [ RunTime:0.000000s ]
INFO: [ app_init ] --END-- [ RunTime:0.000000s ]

[ 2015-01-14T13:58:34+08:00 ] ::1 /addressbook/index.php/Home/Yg/index
INFO: [ app_init ] --START--
INFO: Run Behavior\BuildLiteBehavior [ RunTime:0.000000s ]
INFO: [ app_init ] --END-- [ RunTime:0.000000s ]

[ 2015-01-14T13:58:38+08:00 ] ::1 /addressbook/index.php/Home/Yg/index/p/2.html
INFO: [ app_init ] --START--
INFO: Run Behavior\BuildLiteBehavior [ RunTime:0.000000s ]
INFO: [ app_init ] --END-- [ RunTime:0.000000s ]

[ 2015-01-14T13:59:50+08:00 ] ::1 /addressbook/index.php/Home/Yg/index/p/2.html
INFO: [ app_init ] --START--
INFO: Run Behavior\BuildLiteBehavior [ RunTime:0.000000s ]
INFO: [ app_init ] --END-- [ RunTime:0.000000s ]

[ 2015-01-14T14:00:43+08:00 ] ::1 /addressbook/index.php/Home/Yg/index/p/2.html
INFO: [ app_init ] --START--
INFO: Run Behavior\BuildLiteBehavior [ RunTime:0.000000s ]
INFO: [ app_init ] --END-- [ RunTime:0.000000s ]

[ 2015-01-14T14:00:53+08:00 ] ::1 /addressbook/index.php/Home/Yg/index
INFO: [ app_init ] --START--
INFO: Run Behavior\BuildLiteBehavior [ RunTime:0.000000s ]
INFO: [ app_init ] --END-- [ RunTime:0.001000s ]

[ 2015-01-14T14:00:57+08:00 ] ::1 /addressbook/index.php/Home/Yg/index
INFO: [ app_init ] --START--
INFO: Run Behavior\BuildLiteBehavior [ RunTime:0.000000s ]
INFO: [ app_init ] --END-- [ RunTime:0.000000s ]

[ 2015-01-14T14:01:03+08:00 ] ::1 /addressbook/index.php/Home/Yg/index/keywords/wht/type/ygname/p/2.html
INFO: [ app_init ] --START--
INFO: Run Behavior\BuildLiteBehavior [ RunTime:0.000000s ]
INFO: [ app_init ] --END-- [ RunTime:0.000000s ]

[ 2015-01-14T14:06:11+08:00 ] ::1 /addressbook/index.php/Home/Yg/index/p/2.html
INFO: [ app_init ] --START--
INFO: Run Behavior\BuildLiteBehavior [ RunTime:0.000000s ]
INFO: [ app_init ] --END-- [ RunTime:0.000000s ]

[ 2015-01-14T14:06:19+08:00 ] ::1 /addressbook/index.php/Home/Yg/index
INFO: [ app_init ] --START--
INFO: Run Behavior\BuildLiteBehavior [ RunTime:0.000000s ]
INFO: [ app_init ] --END-- [ RunTime:0.000000s ]

[ 2015-01-14T14:06:26+08:00 ] ::1 /addressbook/index.php/Home/Yg/index
INFO: [ app_init ] --START--
INFO: Run Behavior\BuildLiteBehavior [ RunTime:0.000000s ]
INFO: [ app_init ] --END-- [ RunTime:0.001000s ]

[ 2015-01-14T14:07:06+08:00 ] ::1 /addressbook/index.php/Home/Yg/index
INFO: [ app_init ] --START--
INFO: Run Behavior\BuildLiteBehavior [ RunTime:0.000000s ]
INFO: [ app_init ] --END-- [ RunTime:0.000000s ]

[ 2015-01-14T14:07:47+08:00 ] ::1 /addressbook/index.php/Home/Yg/index/keywords/wht/type/ygname/p/2.html
INFO: [ app_init ] --START--
INFO: Run Behavior\BuildLiteBehavior [ RunTime:0.000000s ]
INFO: [ app_init ] --END-- [ RunTime:0.000000s ]

[ 2015-01-14T14:07:56+08:00 ] ::1 /addressbook/index.php/Home/Yg/index
INFO: [ app_init ] --START--
INFO: Run Behavior\BuildLiteBehavior [ RunTime:0.000000s ]
INFO: [ app_init ] --END-- [ RunTime:0.000000s ]

[ 2015-01-14T14:08:02+08:00 ] ::1 /addressbook/index.php/Home/Yg/index
INFO: [ app_init ] --START--
INFO: Run Behavior\BuildLiteBehavior [ RunTime:0.000000s ]
INFO: [ app_init ] --END-- [ RunTime:0.000000s ]

[ 2015-01-14T14:09:46+08:00 ] ::1 /addressbook/index.php/Home/Yg/index
INFO: [ app_init ] --START--
INFO: Run Behavior\BuildLiteBehavior [ RunTime:0.000000s ]
INFO: [ app_init ] --END-- [ RunTime:0.000000s ]

[ 2015-01-14T14:13:51+08:00 ] ::1 /addressbook/index.php/Home/Yg/index
INFO: [ app_init ] --START--
INFO: Run Behavior\BuildLiteBehavior [ RunTime:0.000000s ]
INFO: [ app_init ] --END-- [ RunTime:0.000000s ]

[ 2015-01-14T14:14:16+08:00 ] ::1 /addressbook/index.php/Home/Yg/index/keywords/wht/type/ygname/p/2.html
INFO: [ app_init ] --START--
INFO: Run Behavior\BuildLiteBehavior [ RunTime:0.000000s ]
INFO: [ app_init ] --END-- [ RunTime:0.000000s ]

[ 2015-01-14T14:19:05+08:00 ] ::1 /addressbook/index.php/Home/Yg/index/p/2.html
INFO: [ app_init ] --START--
INFO: Run Behavior\BuildLiteBehavior [ RunTime:0.000000s ]
INFO: [ app_init ] --END-- [ RunTime:0.000000s ]

[ 2015-01-14T14:19:10+08:00 ] ::1 /addressbook/index.php/Home/Yg/index?keywords=wht&type=ygname
INFO: [ app_init ] --START--
INFO: Run Behavior\BuildLiteBehavior [ RunTime:0.000000s ]
INFO: [ app_init ] --END-- [ RunTime:0.000000s ]

[ 2015-01-14T14:20:01+08:00 ] ::1 /addressbook/index.php/Home/Yg/index/keywords/wht/type/ygname/p/2.html
INFO: [ app_init ] --START--
INFO: Run Behavior\BuildLiteBehavior [ RunTime:0.000000s ]
INFO: [ app_init ] --END-- [ RunTime:0.000000s ]

[ 2015-01-14T14:20:10+08:00 ] ::1 /addressbook/index.php/Home/Yg/index/keywords/wht/type/ygname/p/3.html
INFO: [ app_init ] --START--
INFO: Run Behavior\BuildLiteBehavior [ RunTime:0.000000s ]
INFO: [ app_init ] --END-- [ RunTime:0.001000s ]

[ 2015-01-14T14:20:13+08:00 ] ::1 /addressbook/index.php/Home/Yg/index/keywords/wht/type/ygname/p/4.html
INFO: [ app_init ] --START--
INFO: Run Behavior\BuildLiteBehavior [ RunTime:0.000000s ]
INFO: [ app_init ] --END-- [ RunTime:0.000000s ]

[ 2015-01-14T14:20:43+08:00 ] ::1 /addressbook/index.php/Home/Yg/index/keywords/wht/type/ygname/p/4.html
INFO: [ app_init ] --START--
INFO: Run Behavior\BuildLiteBehavior [ RunTime:0.000000s ]
INFO: [ app_init ] --END-- [ RunTime:0.000000s ]

[ 2015-01-14T14:20:50+08:00 ] ::1 /addressbook/index.php/Home/Yg/index
INFO: [ app_init ] --START--
INFO: Run Behavior\BuildLiteBehavior [ RunTime:0.000000s ]
INFO: [ app_init ] --END-- [ RunTime:0.000000s ]

[ 2015-01-14T14:20:55+08:00 ] ::1 /addressbook/index.php/Home/Yg/index
INFO: [ app_init ] --START--
INFO: Run Behavior\BuildLiteBehavior [ RunTime:0.000000s ]
INFO: [ app_init ] --END-- [ RunTime:0.000000s ]

[ 2015-01-14T14:21:06+08:00 ] ::1 /addressbook/index.php/Home/Yg/index/keywords/wht/type/ygname/p/2.html
INFO: [ app_init ] --START--
INFO: Run Behavior\BuildLiteBehavior [ RunTime:0.000000s ]
INFO: [ app_init ] --END-- [ RunTime:0.000000s ]

[ 2015-01-14T14:21:41+08:00 ] ::1 /addressbook/index.php/Home/Yg/index/keywords/wht/type/ygname/p/1.html
INFO: [ app_init ] --START--
INFO: Run Behavior\BuildLiteBehavior [ RunTime:0.000000s ]
INFO: [ app_init ] --END-- [ RunTime:0.000000s ]

[ 2015-01-14T14:25:05+08:00 ] ::1 /addressbook/index.php/Home/Yg/index/keywords/wht/type/ygname/p/4.html
INFO: [ app_init ] --START--
INFO: Run Behavior\BuildLiteBehavior [ RunTime:0.000000s ]
INFO: [ app_init ] --END-- [ RunTime:0.000000s ]

[ 2015-01-14T14:25:14+08:00 ] ::1 /addressbook/index.php/Home/Yg/index/keywords/wht/type/ygname/p/5.html
INFO: [ app_init ] --START--
INFO: Run Behavior\BuildLiteBehavior [ RunTime:0.000000s ]
INFO: [ app_init ] --END-- [ RunTime:0.000000s ]

[ 2015-01-14T14:25:26+08:00 ] ::1 /addressbook/index.php/Home/Yg/index/keywords/wht/type/ygname/p/6.html
INFO: [ app_init ] --START--
INFO: Run Behavior\BuildLiteBehavior [ RunTime:0.000000s ]
INFO: [ app_init ] --END-- [ RunTime:0.000000s ]

[ 2015-01-14T14:25:45+08:00 ] ::1 /addressbook/index.php/Home/Yg/index/keywords/wht/type/ygname/p/1.html
INFO: [ app_init ] --START--
INFO: Run Behavior\BuildLiteBehavior [ RunTime:0.000000s ]
INFO: [ app_init ] --END-- [ RunTime:0.000000s ]

[ 2015-01-14T14:26:20+08:00 ] ::1 /addressbook/index.php/Home/Yg/index
INFO: [ app_init ] --START--
INFO: Run Behavior\BuildLiteBehavior [ RunTime:0.000000s ]
INFO: [ app_init ] --END-- [ RunTime:0.000000s ]

[ 2015-01-14T14:26:27+08:00 ] ::1 /addressbook/index.php/Home/Yg/index
INFO: [ app_init ] --START--
INFO: Run Behavior\BuildLiteBehavior [ RunTime:0.000000s ]
INFO: [ app_init ] --END-- [ RunTime:0.000000s ]

[ 2015-01-14T14:30:27+08:00 ] ::1 /addressbook/index.php/Home/Yg/index/keywords/wht/type/ygname/p/1.html
INFO: [ app_init ] --START--
INFO: Run Behavior\BuildLiteBehavior [ RunTime:0.000000s ]
INFO: [ app_init ] --END-- [ RunTime:0.000000s ]

[ 2015-01-14T14:30:36+08:00 ] ::1 /addressbook/index.php/Home/Yg/index/keywords/wht/type/ygname/p/2.html
INFO: [ app_init ] --START--
INFO: Run Behavior\BuildLiteBehavior [ RunTime:0.000000s ]
INFO: [ app_init ] --END-- [ RunTime:0.000000s ]

[ 2015-01-14T14:30:39+08:00 ] ::1 /addressbook/index.php/Home/Yg/index/keywords/wht/type/ygname/p/3.html
INFO: [ app_init ] --START--
INFO: Run Behavior\BuildLiteBehavior [ RunTime:0.000000s ]
INFO: [ app_init ] --END-- [ RunTime:0.000000s ]

[ 2015-01-14T14:30:48+08:00 ] ::1 /addressbook/index.php/Home/Yg/index/keywords/wht/type/ygname/p/4.html
INFO: [ app_init ] --START--
INFO: Run Behavior\BuildLiteBehavior [ RunTime:0.000000s ]
INFO: [ app_init ] --END-- [ RunTime:0.000000s ]

[ 2015-01-14T14:30:50+08:00 ] ::1 /addressbook/index.php/Home/Yg/index/keywords/wht/type/ygname/p/5.html
INFO: [ app_init ] --START--
INFO: Run Behavior\BuildLiteBehavior [ RunTime:0.000000s ]
INFO: [ app_init ] --END-- [ RunTime:0.000000s ]

[ 2015-01-14T14:30:52+08:00 ] ::1 /addressbook/index.php/Home/Yg/index/keywords/wht/type/ygname/p/6.html
INFO: [ app_init ] --START--
INFO: Run Behavior\BuildLiteBehavior [ RunTime:0.000000s ]
INFO: [ app_init ] --END-- [ RunTime:0.000000s ]

[ 2015-01-14T14:32:22+08:00 ] ::1 /addressbook/index.php/Home/Yg/index/keywords/wht/type/ygname/p/6.html
INFO: [ app_init ] --START--
INFO: Run Behavior\BuildLiteBehavior [ RunTime:0.000000s ]
INFO: [ app_init ] --END-- [ RunTime:0.000000s ]

[ 2015-01-14T14:32:31+08:00 ] ::1 /addressbook/index.php/Home/Yg/index
INFO: [ app_init ] --START--
INFO: Run Behavior\BuildLiteBehavior [ RunTime:0.000000s ]
INFO: [ app_init ] --END-- [ RunTime:0.000000s ]

[ 2015-01-14T14:32:36+08:00 ] ::1 /addressbook/index.php/Home/Yg/index?keywords=wht&type=ygname
INFO: [ app_init ] --START--
INFO: Run Behavior\BuildLiteBehavior [ RunTime:0.000000s ]
INFO: [ app_init ] --END-- [ RunTime:0.001000s ]

[ 2015-01-14T14:33:10+08:00 ] ::1 /addressbook/index.php/Home/Yg/index?keywords=wht&type=ygname
INFO: [ app_init ] --START--
INFO: Run Behavior\BuildLiteBehavior [ RunTime:0.000000s ]
INFO: [ app_init ] --END-- [ RunTime:0.000000s ]

[ 2015-01-14T14:33:14+08:00 ] ::1 /addressbook/index.php/Home/Yg/index/keywords/wht/type/ygname/p/2.html
INFO: [ app_init ] --START--
INFO: Run Behavior\BuildLiteBehavior [ RunTime:0.000000s ]
INFO: [ app_init ] --END-- [ RunTime:0.000000s ]

[ 2015-01-14T14:33:44+08:00 ] ::1 /addressbook/index.php/Home/Yg/index/keywords/wht/type/ygname/p/2.html
INFO: [ app_init ] --START--
INFO: Run Behavior\BuildLiteBehavior [ RunTime:0.000000s ]
INFO: [ app_init ] --END-- [ RunTime:0.000000s ]

[ 2015-01-14T14:33:48+08:00 ] ::1 /addressbook/index.php/Home/Yg/index/keywords/wht/type/ygname/p/3.html
INFO: [ app_init ] --START--
INFO: Run Behavior\BuildLiteBehavior [ RunTime:0.000000s ]
INFO: [ app_init ] --END-- [ RunTime:0.000000s ]

[ 2015-01-14T14:33:52+08:00 ] ::1 /addressbook/index.php/Home/Yg/index/keywords/wht/type/ygname/p/4.html
INFO: [ app_init ] --START--
INFO: Run Behavior\BuildLiteBehavior [ RunTime:0.000000s ]
INFO: [ app_init ] --END-- [ RunTime:0.000000s ]

[ 2015-01-14T14:34:05+08:00 ] ::1 /addressbook/index.php/Home/Yg/index/keywords/wht/type/ygname/p/1.html
INFO: [ app_init ] --START--
INFO: Run Behavior\BuildLiteBehavior [ RunTime:0.000000s ]
INFO: [ app_init ] --END-- [ RunTime:0.000000s ]

[ 2015-01-14T14:34:08+08:00 ] ::1 /addressbook/index.php/Home/Yg/index/keywords/wht/type/ygname/p/2.html
INFO: [ app_init ] --START--
INFO: Run Behavior\BuildLiteBehavior [ RunTime:0.000000s ]
INFO: [ app_init ] --END-- [ RunTime:0.000000s ]

[ 2015-01-14T14:34:13+08:00 ] ::1 /addressbook/index.php/Home/Yg/index?keywords=3&type=ygname
INFO: [ app_init ] --START--
INFO: Run Behavior\BuildLiteBehavior [ RunTime:0.000000s ]
INFO: [ app_init ] --END-- [ RunTime:0.000000s ]

[ 2015-01-14T14:34:25+08:00 ] ::1 /addressbook/index.php/Home/Yg/index?keywords=3&type=ygname
INFO: [ app_init ] --START--
INFO: Run Behavior\BuildLiteBehavior [ RunTime:0.000000s ]
INFO: [ app_init ] --END-- [ RunTime:0.000000s ]

[ 2015-01-14T14:34:28+08:00 ] ::1 /addressbook/index.php/Home/Yg/index/keywords/3/type/ygname/p/2.html
INFO: [ app_init ] --START--
INFO: Run Behavior\BuildLiteBehavior [ RunTime:0.000000s ]
INFO: [ app_init ] --END-- [ RunTime:0.000000s ]

[ 2015-01-14T14:35:10+08:00 ] ::1 /addressbook/index.php/Home/Yg/add
INFO: [ app_init ] --START--
INFO: Run Behavior\BuildLiteBehavior [ RunTime:0.000000s ]
INFO: [ app_init ] --END-- [ RunTime:0.000000s ]

[ 2015-01-14T14:35:31+08:00 ] ::1 /addressbook/index.php/Home/Yg/index
INFO: [ app_init ] --START--
INFO: Run Behavior\BuildLiteBehavior [ RunTime:0.000000s ]
INFO: [ app_init ] --END-- [ RunTime:0.000000s ]

[ 2015-01-14T14:35:42+08:00 ] ::1 /addressbook/index.php/Home/Bm/index
INFO: [ app_init ] --START--
INFO: Run Behavior\BuildLiteBehavior [ RunTime:0.000000s ]
INFO: [ app_init ] --END-- [ RunTime:0.000000s ]

[ 2015-01-14T14:35:58+08:00 ] ::1 /addressbook/index.php/Home/Bm/index
INFO: [ app_init ] --START--
INFO: Run Behavior\BuildLiteBehavior [ RunTime:0.000000s ]
INFO: [ app_init ] --END-- [ RunTime:0.000000s ]

[ 2015-01-14T14:36:00+08:00 ] ::1 /addressbook/index.php/Home/Bm/add
INFO: [ app_init ] --START--
INFO: Run Behavior\BuildLiteBehavior [ RunTime:0.000000s ]
INFO: [ app_init ] --END-- [ RunTime:0.000000s ]

[ 2015-01-14T14:40:50+08:00 ] ::1 /addressbook/index.php/Home/Bm/add
INFO: [ app_init ] --START--
INFO: Run Behavior\BuildLiteBehavior [ RunTime:0.000000s ]
INFO: [ app_init ] --END-- [ RunTime:0.001000s ]

[ 2015-01-14T14:41:03+08:00 ] ::1 /addressbook/index.php/Home/Bm/insert
INFO: [ app_init ] --START--
INFO: Run Behavior\BuildLiteBehavior [ RunTime:0.000000s ]
INFO: [ app_init ] --END-- [ RunTime:0.000000s ]

[ 2015-01-14T14:41:05+08:00 ] ::1 /addressbook/index.php/Home/Bm/index
INFO: [ app_init ] --START--
INFO: Run Behavior\BuildLiteBehavior [ RunTime:0.000000s ]
INFO: [ app_init ] --END-- [ RunTime:0.000000s ]

[ 2015-01-14T14:41:12+08:00 ] ::1 /addressbook/index.php/Home/Bm/delete/id/6
INFO: [ app_init ] --START--
INFO: Run Behavior\BuildLiteBehavior [ RunTime:0.000000s ]
INFO: [ app_init ] --END-- [ RunTime:0.000000s ]
ERR: Ê®°Êùø‰∏çÂ≠òÂú®:./Application/Home/View/Bm/delete.html

[ 2015-01-14T14:41:14+08:00 ] ::1 /addressbook/index.php/Home/Bm/index
INFO: [ app_init ] --START--
INFO: Run Behavior\BuildLiteBehavior [ RunTime:0.000000s ]
INFO: [ app_init ] --END-- [ RunTime:0.000000s ]

[ 2015-01-14T14:41:54+08:00 ] ::1 /addressbook/index.php/Home/Bm/index
INFO: [ app_init ] --START--
INFO: Run Behavior\BuildLiteBehavior [ RunTime:0.000000s ]
INFO: [ app_init ] --END-- [ RunTime:0.000000s ]

[ 2015-01-14T14:41:56+08:00 ] ::1 /addressbook/index.php/Home/Bm/index
INFO: [ app_init ] --START--
INFO: Run Behavior\BuildLiteBehavior [ RunTime:0.000000s ]
INFO: [ app_init ] --END-- [ RunTime:0.000000s ]

[ 2015-01-14T14:41:59+08:00 ] ::1 /addressbook/index.php/Home/Bm/add
INFO: [ app_init ] --START--
INFO: Run Behavior\BuildLiteBehavior [ RunTime:0.000000s ]
INFO: [ app_init ] --END-- [ RunTime:0.000000s ]

[ 2015-01-14T14:42:04+08:00 ] ::1 /addressbook/index.php/Home/Bm/index
INFO: [ app_init ] --START--
INFO: Run Behavior\BuildLiteBehavior [ RunTime:0.000000s ]
INFO: [ app_init ] --END-- [ RunTime:0.000000s ]

[ 2015-01-14T14:42:07+08:00 ] ::1 /addressbook/index.php/Home/Bm/index
INFO: [ app_init ] --START--
INFO: Run Behavior\BuildLiteBehavior [ RunTime:0.000000s ]
INFO: [ app_init ] --END-- [ RunTime:0.000000s ]

[ 2015-01-14T14:51:25+08:00 ] ::1 /addressbook/index.php/Home/Yg/index/keywords/wht/type/ygname/p/6.html
INFO: [ app_init ] --START--
INFO: Run Behavior\BuildLiteBehavior [ RunTime:0.000000s ]
INFO: [ app_init ] --END-- [ RunTime:0.000000s ]

[ 2015-01-14T14:51:39+08:00 ] ::1 /addressbook/index.php/Home/Yg/index?keywords=%E4%BF%A1%E6%81%AF&type=bmname
INFO: [ app_init ] --START--
INFO: Run Behavior\BuildLiteBehavior [ RunTime:0.000000s ]
INFO: [ app_init ] --END-- [ RunTime:0.000000s ]

[ 2015-01-14T14:51:44+08:00 ] ::1 /addressbook/index.php/Home/Yg/index/keywords/–≈œ¢/type/bmname/p/2.html
INFO: [ app_init ] --START--
INFO: Run Behavior\BuildLiteBehavior [ RunTime:0.000000s ]
INFO: [ app_init ] --END-- [ RunTime:0.015600s ]

[ 2015-01-14T14:52:10+08:00 ] ::1 /addressbook/index.php/Home/Yg/index
INFO: [ app_init ] --START--
INFO: Run Behavior\BuildLiteBehavior [ RunTime:0.000000s ]
INFO: [ app_init ] --END-- [ RunTime:0.000000s ]

[ 2015-01-14T14:52:24+08:00 ] ::1 /addressbook/index.php/Home/Yg/index?keywords=%E4%BF%A1%E6%81%AF&type=bmname
INFO: [ app_init ] --START--
INFO: Run Behavior\BuildLiteBehavior [ RunTime:0.000000s ]
INFO: [ app_init ] --END-- [ RunTime:0.000000s ]

[ 2015-01-14T14:52:59+08:00 ] ::1 /addressbook/index.php/Home/Yg/index/keywords/–≈œ¢/type/bmname/p/3.html
INFO: [ app_init ] --START--
INFO: Run Behavior\BuildLiteBehavior [ RunTime:0.000000s ]
INFO: [ app_init ] --END-- [ RunTime:0.000000s ]

[ 2015-01-14T14:53:18+08:00 ] ::1 /addressbook/index.php/Home/Yg/edit/id/
INFO: [ app_init ] --START--
INFO: Run Behavior\BuildLiteBehavior [ RunTime:0.000000s ]
INFO: [ app_init ] --END-- [ RunTime:0.000000s ]

[ 2015-01-14T14:53:28+08:00 ] ::1 /addressbook/index.php/Home/Yg
INFO: [ app_init ] --START--
INFO: Run Behavior\BuildLiteBehavior [ RunTime:0.000000s ]
INFO: [ app_init ] --END-- [ RunTime:0.000000s ]

[ 2015-01-14T14:53:31+08:00 ] ::1 /addressbook/index.php/Home/Yg/add
INFO: [ app_init ] --START--
INFO: Run Behavior\BuildLiteBehavior [ RunTime:0.000000s ]
INFO: [ app_init ] --END-- [ RunTime:0.001000s ]

[ 2015-01-14T14:53:34+08:00 ] ::1 /addressbook/index.php/Home/Yg
INFO: [ app_init ] --START--
INFO: Run Behavior\BuildLiteBehavior [ RunTime:0.000000s ]
INFO: [ app_init ] --END-- [ RunTime:0.000000s ]

[ 2015-01-14T14:53:42+08:00 ] ::1 /addressbook/index.php/Home/Yg/index?keywords=wht&type=ygname
INFO: [ app_init ] --START--
INFO: Run Behavior\BuildLiteBehavior [ RunTime:0.000000s ]
INFO: [ app_init ] --END-- [ RunTime:0.000000s ]

[ 2015-01-14T14:53:47+08:00 ] ::1 /addressbook/index.php/Home/Yg/index/keywords/wht/type/ygname/p/2.html
INFO: [ app_init ] --START--
INFO: Run Behavior\BuildLiteBehavior [ RunTime:0.000000s ]
INFO: [ app_init ] --END-- [ RunTime:0.000000s ]

[ 2015-01-14T14:53:49+08:00 ] ::1 /addressbook/index.php/Home/Yg/index/keywords/wht/type/ygname/p/3.html
INFO: [ app_init ] --START--
INFO: Run Behavior\BuildLiteBehavior [ RunTime:0.000000s ]
INFO: [ app_init ] --END-- [ RunTime:0.000000s ]

[ 2015-01-14T14:54:16+08:00 ] ::1 /addressbook/index.php/Home/Yg/index?keywords=3&type=ygname
INFO: [ app_init ] --START--
INFO: Run Behavior\BuildLiteBehavior [ RunTime:0.000000s ]
INFO: [ app_init ] --END-- [ RunTime:0.000000s ]

[ 2015-01-14T14:54:20+08:00 ] ::1 /addressbook/index.php/Home/Yg/index/keywords/3/type/ygname/p/2.html
INFO: [ app_init ] --START--
INFO: Run Behavior\BuildLiteBehavior [ RunTime:0.000000s ]
INFO: [ app_init ] --END-- [ RunTime:0.000000s ]

[ 2015-01-14T14:55:08+08:00 ] ::1 /addressbook/index.php/Home/Yg/index/keywords/3/type/ygname/p/2.html
INFO: [ app_init ] --START--
INFO: Run Behavior\BuildLiteBehavior [ RunTime:0.000000s ]
INFO: [ app_init ] --END-- [ RunTime:0.000000s ]

[ 2015-01-14T14:55:15+08:00 ] ::1 /addressbook/index.php/Home/Yg/index
INFO: [ app_init ] --START--
INFO: Run Behavior\BuildLiteBehavior [ RunTime:0.000000s ]
INFO: [ app_init ] --END-- [ RunTime:0.000000s ]

[ 2015-01-14T14:55:18+08:00 ] ::1 /addressbook/index.php/Home/Yg/index
INFO: [ app_init ] --START--
INFO: Run Behavior\BuildLiteBehavior [ RunTime:0.000000s ]
INFO: [ app_init ] --END-- [ RunTime:0.000000s ]

[ 2015-01-14T14:55:39+08:00 ] ::1 /addressbook/index.php/Home/Yg/index?keywords=wht&type=ygname
INFO: [ app_init ] --START--
INFO: Run Behavior\BuildLiteBehavior [ RunTime:0.000000s ]
INFO: [ app_init ] --END-- [ RunTime:0.000000s ]

[ 2015-01-14T14:55:43+08:00 ] ::1 /addressbook/index.php/Home/Yg/index/keywords/wht/type/ygname/p/2.html
INFO: [ app_init ] --START--
INFO: Run Behavior\BuildLiteBehavior [ RunTime:0.000000s ]
INFO: [ app_init ] --END-- [ RunTime:0.000000s ]

[ 2015-01-14T14:55:48+08:00 ] ::1 /addressbook/index.php/Home/Yg/index/keywords/wht/type/ygname/p/3.html
INFO: [ app_init ] --START--
INFO: Run Behavior\BuildLiteBehavior [ RunTime:0.000000s ]
INFO: [ app_init ] --END-- [ RunTime:0.000000s ]

[ 2015-01-14T14:57:26+08:00 ] ::1 /addressbook/index.php/Home/Yg/index?keywords=%E4%BF%A1%E6%81%AF%E9%83%A8&type=bmname
INFO: [ app_init ] --START--
INFO: Run Behavior\BuildLiteBehavior [ RunTime:0.000000s ]
INFO: [ app_init ] --END-- [ RunTime:0.000000s ]

[ 2015-01-14T14:57:50+08:00 ] ::1 /addressbook/index.php/Home/Yg/index/keywords/–≈œ¢≤ø/type/bmname/p/2.html
INFO: [ app_init ] --START--
INFO: Run Behavior\BuildLiteBehavior [ RunTime:0.000000s ]
INFO: [ app_init ] --END-- [ RunTime:0.000000s ]

[ 2015-01-14T14:58:01+08:00 ] ::1 /addressbook/index.php/Home/Yg/index
INFO: [ app_init ] --START--
INFO: Run Behavior\BuildLiteBehavior [ RunTime:0.000000s ]
INFO: [ app_init ] --END-- [ RunTime:0.000000s ]

[ 2015-01-14T15:01:09+08:00 ] ::1 /addressbook/index.php/Home/Yg/add
INFO: [ app_init ] --START--
INFO: Run Behavior\BuildLiteBehavior [ RunTime:0.000000s ]
INFO: [ app_init ] --END-- [ RunTime:0.000000s ]

[ 2015-01-14T15:01:51+08:00 ] ::1 /addressbook/index.php/Home/Yg/insert
INFO: [ app_init ] --START--
INFO: Run Behavior\BuildLiteBehavior [ RunTime:0.000000s ]
INFO: [ app_init ] --END-- [ RunTime:0.000000s ]

[ 2015-01-14T15:01:59+08:00 ] ::1 /addressbook/index.php/Home/Yg/insert
INFO: [ app_init ] --START--
INFO: Run Behavior\BuildLiteBehavior [ RunTime:0.000000s ]
INFO: [ app_init ] --END-- [ RunTime:0.000000s ]

[ 2015-01-14T15:02:01+08:00 ] ::1 /addressbook/index.php/Home/Yg/index
INFO: [ app_init ] --START--
INFO: Run Behavior\BuildLiteBehavior [ RunTime:0.000000s ]
INFO: [ app_init ] --END-- [ RunTime:0.000000s ]

[ 2015-01-14T15:02:05+08:00 ] ::1 /addressbook/index.php/Home/Yg/index
INFO: [ app_init ] --START--
INFO: Run Behavior\BuildLiteBehavior [ RunTime:0.000000s ]
INFO: [ app_init ] --END-- [ RunTime:0.000000s ]

[ 2015-01-14T15:02:15+08:00 ] ::1 /addressbook/index.php/Home/Yg/index?keywords=%E9%AD%8F&type=ygname
INFO: [ app_init ] --START--
INFO: Run Behavior\BuildLiteBehavior [ RunTime:0.000000s ]
INFO: [ app_init ] --END-- [ RunTime:0.000000s ]

[ 2015-01-14T15:02:37+08:00 ] ::1 /addressbook/index.php/Home/Yg/add
INFO: [ app_init ] --START--
INFO: Run Behavior\BuildLiteBehavior [ RunTime:0.000000s ]
INFO: [ app_init ] --END-- [ RunTime:0.000000s ]

[ 2015-01-14T15:02:55+08:00 ] ::1 /addressbook/index.php/Home/Yg/insert
INFO: [ app_init ] --START--
INFO: Run Behavior\BuildLiteBehavior [ RunTime:0.000000s ]
INFO: [ app_init ] --END-- [ RunTime:0.000000s ]

[ 2015-01-14T15:02:58+08:00 ] ::1 /addressbook/index.php/Home/Yg/index
INFO: [ app_init ] --START--
INFO: Run Behavior\BuildLiteBehavior [ RunTime:0.000000s ]
INFO: [ app_init ] --END-- [ RunTime:0.000000s ]

[ 2015-01-14T15:03:21+08:00 ] ::1 /addressbook/index.php/Home/Yg/index
INFO: [ app_init ] --START--
INFO: Run Behavior\BuildLiteBehavior [ RunTime:0.000000s ]
INFO: [ app_init ] --END-- [ RunTime:0.000000s ]

[ 2015-01-14T15:03:25+08:00 ] ::1 /addressbook/index.php/Home/Yg/index
INFO: [ app_init ] --START--
INFO: Run Behavior\BuildLiteBehavior [ RunTime:0.000000s ]
INFO: [ app_init ] --END-- [ RunTime:0.000000s ]

[ 2015-01-14T15:03:29+08:00 ] ::1 /addressbook/index.php/Home/Yg/index
INFO: [ app_init ] --START--
INFO: Run Behavior\BuildLiteBehavior [ RunTime:0.000000s ]
INFO: [ app_init ] --END-- [ RunTime:0.000000s ]

[ 2015-01-14T15:03:42+08:00 ] ::1 /addressbook/index.php/Home/Yg/index?keywords=%E9%AD%8F&type=ygname
INFO: [ app_init ] --START--
INFO: Run Behavior\BuildLiteBehavior [ RunTime:0.000000s ]
INFO: [ app_init ] --END-- [ RunTime:0.000000s ]

[ 2015-01-14T15:03:46+08:00 ] ::1 /addressbook/index.php/Home/Yg/index/keywords/Œ∫/type/ygname/p/2.html
INFO: [ app_init ] --START--
INFO: Run Behavior\BuildLiteBehavior [ RunTime:0.000000s ]
INFO: [ app_init ] --END-- [ RunTime:0.000000s ]

[ 2015-01-14T15:05:25+08:00 ] ::1 /addressbook/index.php/Home/Yg/index/keywords/Œ∫/type/ygname/p/2.html
INFO: [ app_init ] --START--
INFO: Run Behavior\BuildLiteBehavior [ RunTime:0.000000s ]
INFO: [ app_init ] --END-- [ RunTime:0.000000s ]

[ 2015-01-14T15:15:30+08:00 ] ::1 /addressbook/index.php/Home/Yg/index
INFO: [ app_init ] --START--
INFO: Run Behavior\BuildLiteBehavior [ RunTime:0.000000s ]
INFO: [ app_init ] --END-- [ RunTime:0.000000s ]

[ 2015-01-14T15:15:38+08:00 ] ::1 /addressbook/index.php/Home/Yg/index?keywords=%E9%AD%8F&type=ygname
INFO: [ app_init ] --START--
INFO: Run Behavior\BuildLiteBehavior [ RunTime:0.000000s ]
INFO: [ app_init ] --END-- [ RunTime:0.000000s ]

[ 2015-01-14T15:15:56+08:00 ] ::1 /addressbook/index.php/Home/Yg/index/keywords/Œ∫/type/ygname/p/2.html
INFO: [ app_init ] --START--
INFO: Run Behavior\BuildLiteBehavior [ RunTime:0.000000s ]
INFO: [ app_init ] --END-- [ RunTime:0.000000s ]

[ 2015-01-14T15:17:03+08:00 ] ::1 /addressbook/index.php/Home/Yg/index?keywords=%E9%AD%8F&type=ygname
INFO: [ app_init ] --START--
INFO: Run Behavior\BuildLiteBehavior [ RunTime:0.000000s ]
INFO: [ app_init ] --END-- [ RunTime:0.000000s ]

[ 2015-01-14T15:17:10+08:00 ] ::1 /addressbook/index.php/Home/Yg/index?keywords=%E9%AD%8F&type=ygname
INFO: [ app_init ] --START--
INFO: Run Behavior\BuildLiteBehavior [ RunTime:0.000000s ]
INFO: [ app_init ] --END-- [ RunTime:0.000000s ]

[ 2015-01-14T15:17:14+08:00 ] ::1 /addressbook/index.php/Home/Yg/index?keywords=%E9%AD%8F&type=ygname
INFO: [ app_init ] --START--
INFO: Run Behavior\BuildLiteBehavior [ RunTime:0.000000s ]
INFO: [ app_init ] --END-- [ RunTime:0.000000s ]

[ 2015-01-14T15:17:17+08:00 ] ::1 /addressbook/index.php/Home/Yg/index?keywords=%E9%AD%8F&type=ygname
INFO: [ app_init ] --START--
INFO: Run Behavior\BuildLiteBehavior [ RunTime:0.000000s ]
INFO: [ app_init ] --END-- [ RunTime:0.000000s ]

[ 2015-01-14T15:17:21+08:00 ] ::1 /addressbook/index.php/Home/Yg/index
INFO: [ app_init ] --START--
INFO: Run Behavior\BuildLiteBehavior [ RunTime:0.000000s ]
INFO: [ app_init ] --END-- [ RunTime:0.000000s ]

[ 2015-01-14T15:17:26+08:00 ] ::1 /addressbook/index.php/Home/Yg/index?keywords=%E9%AD%8F&type=ygname
INFO: [ app_init ] --START--
INFO: Run Behavior\BuildLiteBehavior [ RunTime:0.000000s ]
INFO: [ app_init ] --END-- [ RunTime:0.000000s ]

[ 2015-01-14T15:17:31+08:00 ] ::1 /addressbook/index.php/Home/Yg/index/keywords/Œ∫/type/ygname/p/2.html
INFO: [ app_init ] --START--
INFO: Run Behavior\BuildLiteBehavior [ RunTime:0.000000s ]
INFO: [ app_init ] --END-- [ RunTime:0.000000s ]

[ 2015-01-14T15:18:57+08:00 ] ::1 /addressbook/index.php/Home/Yg/index?keywords=%E9%AD%8F&type=ygname
INFO: [ app_init ] --START--
INFO: Run Behavior\BuildLiteBehavior [ RunTime:0.000000s ]
INFO: [ app_init ] --END-- [ RunTime:0.000000s ]

[ 2015-01-14T15:19:21+08:00 ] ::1 /addressbook/index.php/Home/Yg/index?keywords=%E9%AD%8F&type=ygname
INFO: [ app_init ] --START--
INFO: Run Behavior\BuildLiteBehavior [ RunTime:0.000000s ]
INFO: [ app_init ] --END-- [ RunTime:0.000000s ]

[ 2015-01-14T15:19:33+08:00 ] ::1 /addressbook/index.php/Home/Yg/index
INFO: [ app_init ] --START--
INFO: Run Behavior\BuildLiteBehavior [ RunTime:0.000000s ]
INFO: [ app_init ] --END-- [ RunTime:0.000000s ]

[ 2015-01-14T15:19:40+08:00 ] ::1 /addressbook/index.php/Home/Yg/index?keywords=%E9%AD%8F&type=ygname
INFO: [ app_init ] --START--
INFO: Run Behavior\BuildLiteBehavior [ RunTime:0.000000s ]
INFO: [ app_init ] --END-- [ RunTime:0.000000s ]

[ 2015-01-14T15:20:49+08:00 ] ::1 /addressbook/index.php/Home/Yg/index
INFO: [ app_init ] --START--
INFO: Run Behavior\BuildLiteBehavior [ RunTime:0.000000s ]
INFO: [ app_init ] --END-- [ RunTime:0.001000s ]

[ 2015-01-14T15:20:55+08:00 ] ::1 /addressbook/index.php/Home/Yg/index/p/2.html
INFO: [ app_init ] --START--
INFO: Run Behavior\BuildLiteBehavior [ RunTime:0.000000s ]
INFO: [ app_init ] --END-- [ RunTime:0.000000s ]

[ 2015-01-14T15:20:57+08:00 ] ::1 /addressbook/index.php/Home/Yg/index/p/3.html
INFO: [ app_init ] --START--
INFO: Run Behavior\BuildLiteBehavior [ RunTime:0.000000s ]
INFO: [ app_init ] --END-- [ RunTime:0.000000s ]

[ 2015-01-14T15:21:02+08:00 ] ::1 /addressbook/index.php/Home/Yg/index?keywords=wht&type=ygname
INFO: [ app_init ] --START--
INFO: Run Behavior\BuildLiteBehavior [ RunTime:0.000000s ]
INFO: [ app_init ] --END-- [ RunTime:0.000000s ]

[ 2015-01-14T15:21:06+08:00 ] ::1 /addressbook/index.php/Home/Yg/index/keywords/wht/type/ygname/p/2.html
INFO: [ app_init ] --START--
INFO: Run Behavior\BuildLiteBehavior [ RunTime:0.000000s ]
INFO: [ app_init ] --END-- [ RunTime:0.000000s ]

[ 2015-01-14T15:21:08+08:00 ] ::1 /addressbook/index.php/Home/Yg/index/keywords/wht/type/ygname/p/8.html
INFO: [ app_init ] --START--
INFO: Run Behavior\BuildLiteBehavior [ RunTime:0.000000s ]
INFO: [ app_init ] --END-- [ RunTime:0.000000s ]

[ 2015-01-14T15:21:10+08:00 ] ::1 /addressbook/index.php/Home/Yg/index/keywords/wht/type/ygname/p/6.html
INFO: [ app_init ] --START--
INFO: Run Behavior\BuildLiteBehavior [ RunTime:0.000000s ]
INFO: [ app_init ] --END-- [ RunTime:0.000000s ]

[ 2015-01-14T15:21:50+08:00 ] ::1 /addressbook/index.php/Home/Yg/index?keywords=%E9%AD%8F&type=ygname
INFO: [ app_init ] --START--
INFO: Run Behavior\BuildLiteBehavior [ RunTime:0.000000s ]
INFO: [ app_init ] --END-- [ RunTime:0.000000s ]

[ 2015-01-14T15:27:10+08:00 ] ::1 /addressbook/index.php/Home/Yg/index
INFO: [ app_init ] --START--
INFO: Run Behavior\BuildLiteBehavior [ RunTime:0.000000s ]
INFO: [ app_init ] --END-- [ RunTime:0.000000s ]

[ 2015-01-14T15:27:13+08:00 ] ::1 /addressbook/index.php?m=Home&c=Yg&a=index&p=2
INFO: [ app_init ] --START--
INFO: Run Behavior\BuildLiteBehavior [ RunTime:0.000000s ]
INFO: [ app_init ] --END-- [ RunTime:0.000000s ]

[ 2015-01-14T15:27:14+08:00 ] ::1 /addressbook/index.php?m=Home&c=Yg&a=index&p=2
INFO: [ app_init ] --START--
INFO: Run Behavior\BuildLiteBehavior [ RunTime:0.000000s ]
INFO: [ app_init ] --END-- [ RunTime:0.000000s ]

[ 2015-01-14T15:27:17+08:00 ] ::1 /addressbook/index.php?m=Home&c=Yg&a=index&p=3
INFO: [ app_init ] --START--
INFO: Run Behavior\BuildLiteBehavior [ RunTime:0.000000s ]
INFO: [ app_init ] --END-- [ RunTime:0.000000s ]

[ 2015-01-14T15:27:23+08:00 ] ::1 /addressbook/index.php/Home/Yg/index?keywords=%E9%AD%8F&type=ygname
INFO: [ app_init ] --START--
INFO: Run Behavior\BuildLiteBehavior [ RunTime:0.000000s ]
INFO: [ app_init ] --END-- [ RunTime:0.000000s ]

[ 2015-01-14T15:27:29+08:00 ] ::1 /addressbook/index.php?m=Home&c=Yg&a=index&keywords=%E9%AD%8F&type=ygname&p=2
INFO: [ app_init ] --START--
INFO: Run Behavior\BuildLiteBehavior [ RunTime:0.000000s ]
INFO: [ app_init ] --END-- [ RunTime:0.000000s ]

[ 2015-01-14T15:27:42+08:00 ] ::1 /addressbook/index.php/Home/Yg/index?keywords=%E4%BF%A1%E6%81%AF%E9%83%A8&type=bmname
INFO: [ app_init ] --START--
INFO: Run Behavior\BuildLiteBehavior [ RunTime:0.000000s ]
INFO: [ app_init ] --END-- [ RunTime:0.000000s ]

[ 2015-01-14T15:27:46+08:00 ] ::1 /addressbook/index.php?m=Home&c=Yg&a=index&keywords=%E4%BF%A1%E6%81%AF%E9%83%A8&type=bmname&p=2
INFO: [ app_init ] --START--
INFO: Run Behavior\BuildLiteBehavior [ RunTime:0.000000s ]
INFO: [ app_init ] --END-- [ RunTime:0.000000s ]

[ 2015-01-14T15:27:49+08:00 ] ::1 /addressbook/index.php?m=Home&c=Yg&a=index&keywords=%E4%BF%A1%E6%81%AF%E9%83%A8&type=bmname&p=3
INFO: [ app_init ] --START--
INFO: Run Behavior\BuildLiteBehavior [ RunTime:0.000000s ]
INFO: [ app_init ] --END-- [ RunTime:0.000000s ]

[ 2015-01-14T15:27:51+08:00 ] ::1 /addressbook/index.php?m=Home&c=Yg&a=index&keywords=%E4%BF%A1%E6%81%AF%E9%83%A8&type=bmname&p=4
INFO: [ app_init ] --START--
INFO: Run Behavior\BuildLiteBehavior [ RunTime:0.000000s ]
INFO: [ app_init ] --END-- [ RunTime:0.000000s ]

[ 2015-01-14T15:27:59+08:00 ] ::1 /addressbook/index.php?m=Home&c=Yg&a=index&keywords=%E4%BF%A1%E6%81%AF%E9%83%A8&type=bmname&p=6
INFO: [ app_init ] --START--
INFO: Run Behavior\BuildLiteBehavior [ RunTime:0.000000s ]
INFO: [ app_init ] --END-- [ RunTime:0.000000s ]

[ 2015-01-14T15:28:09+08:00 ] ::1 /addressbook/index.php/Home/Yg/index?keywords=&type=ygname
INFO: [ app_init ] --START--
INFO: Run Behavior\BuildLiteBehavior [ RunTime:0.000000s ]
INFO: [ app_init ] --END-- [ RunTime:0.000000s ]

[ 2015-01-14T15:28:11+08:00 ] ::1 /addressbook/index.php/Home/Yg/add
INFO: [ app_init ] --START--
INFO: Run Behavior\BuildLiteBehavior [ RunTime:0.000000s ]
INFO: [ app_init ] --END-- [ RunTime:0.000000s ]

[ 2015-01-14T15:28:15+08:00 ] ::1 /addressbook/index.php/Home/Yg/add
INFO: [ app_init ] --START--
INFO: Run Behavior\BuildLiteBehavior [ RunTime:0.000000s ]
INFO: [ app_init ] --END-- [ RunTime:0.000000s ]

[ 2015-01-14T15:28:24+08:00 ] ::1 /addressbook/index.php?m=Home&c=Yg&a=index&keywords=&type=ygname&p=7
INFO: [ app_init ] --START--
INFO: Run Behavior\BuildLiteBehavior [ RunTime:0.000000s ]
INFO: [ app_init ] --END-- [ RunTime:0.001000s ]

[ 2015-01-14T15:28:26+08:00 ] ::1 /addressbook/index.php/Home/Yg/delete/id/47
INFO: [ app_init ] --START--
INFO: Run Behavior\BuildLiteBehavior [ RunTime:0.000000s ]
INFO: [ app_init ] --END-- [ RunTime:0.000000s ]

[ 2015-01-14T15:28:28+08:00 ] ::1 /addressbook/index.php/Home/Yg/index
INFO: [ app_init ] --START--
INFO: Run Behavior\BuildLiteBehavior [ RunTime:0.000000s ]
INFO: [ app_init ] --END-- [ RunTime:0.000000s ]

[ 2015-01-14T15:29:55+08:00 ] ::1 /addressbook/index.php/Home/Yg/index/keywords/wht/type/ygname/p/2.html
INFO: [ app_init ] --START--
INFO: Run Behavior\BuildLiteBehavior [ RunTime:0.000000s ]
INFO: [ app_init ] --END-- [ RunTime:0.000000s ]

[ 2015-01-14T15:30:08+08:00 ] ::1 /addressbook/index.php/Home/Yg/index
INFO: [ app_init ] --START--
INFO: Run Behavior\BuildLiteBehavior [ RunTime:0.000000s ]
INFO: [ app_init ] --END-- [ RunTime:0.015600s ]

[ 2015-01-14T15:30:59+08:00 ] ::1 /addressbook/index.php/Home/Yg/index
INFO: [ app_init ] --START--
INFO: Run Behavior\BuildLiteBehavior [ RunTime:0.000000s ]
INFO: [ app_init ] --END-- [ RunTime:0.000000s ]

[ 2015-01-14T15:32:01+08:00 ] ::1 /addressbook/index.php?m=Home&c=Yg&a=index&keywords=wht&type=ygname&p=4
INFO: [ app_init ] --START--
INFO: Run Behavior\BuildLiteBehavior [ RunTime:0.000000s ]
INFO: [ app_init ] --END-- [ RunTime:0.000000s ]

[ 2015-01-14T15:32:06+08:00 ] ::1 /addressbook/index.php?m=Home&c=Yg&a=index&keywords=wht&type=ygname&p=4
INFO: [ app_init ] --START--
INFO: Run Behavior\BuildLiteBehavior [ RunTime:0.000000s ]
INFO: [ app_init ] --END-- [ RunTime:0.000000s ]

[ 2015-01-14T15:32:15+08:00 ] ::1 /addressbook/index.php/Home/Yg/add
INFO: [ app_init ] --START--
INFO: Run Behavior\BuildLiteBehavior [ RunTime:0.000000s ]
INFO: [ app_init ] --END-- [ RunTime:0.000000s ]

[ 2015-01-14T15:32:28+08:00 ] ::1 /addressbook/index.php/Home/Yg/index
INFO: [ app_init ] --START--
INFO: Run Behavior\BuildLiteBehavior [ RunTime:0.000000s ]
INFO: [ app_init ] --END-- [ RunTime:0.000000s ]

[ 2015-01-14T15:32:31+08:00 ] ::1 /addressbook/index.php?m=Home&c=Yg&a=index&p=2
INFO: [ app_init ] --START--
INFO: Run Behavior\BuildLiteBehavior [ RunTime:0.000000s ]
INFO: [ app_init ] --END-- [ RunTime:0.001000s ]

[ 2015-01-14T15:32:34+08:00 ] ::1 /addressbook/index.php?m=Home&c=Yg&a=index&p=3
INFO: [ app_init ] --START--
INFO: Run Behavior\BuildLiteBehavior [ RunTime:0.000000s ]
INFO: [ app_init ] --END-- [ RunTime:0.000000s ]

[ 2015-01-14T15:32:37+08:00 ] ::1 /addressbook/index.php?m=Home&c=Yg&a=index&p=1
INFO: [ app_init ] --START--
INFO: Run Behavior\BuildLiteBehavior [ RunTime:0.000000s ]
INFO: [ app_init ] --END-- [ RunTime:0.000000s ]

[ 2015-01-14T15:51:48+08:00 ] ::1 /addressbook/
INFO: [ app_init ] --START--
INFO: Run Behavior\BuildLiteBehavior [ RunTime:0.000000s ]
INFO: [ app_init ] --END-- [ RunTime:0.000000s ]

[ 2015-01-14T15:52:57+08:00 ] ::1 /addressbook/
INFO: [ app_init ] --START--
INFO: Run Behavior\BuildLiteBehavior [ RunTime:0.000000s ]
INFO: [ app_init ] --END-- [ RunTime:0.000000s ]

[ 2015-01-14T15:53:00+08:00 ] ::1 /addressbook/index.php/Home/Yg/add
INFO: [ app_init ] --START--
INFO: Run Behavior\BuildLiteBehavior [ RunTime:0.000000s ]
INFO: [ app_init ] --END-- [ RunTime:0.000000s ]

[ 2015-01-14T15:54:41+08:00 ] ::1 /addressbook/
INFO: [ app_init ] --START--
INFO: Run Behavior\BuildLiteBehavior [ RunTime:0.000000s ]
INFO: [ app_init ] --END-- [ RunTime:0.000000s ]

[ 2015-01-14T15:56:11+08:00 ] ::1 /addressbook/
INFO: [ app_init ] --START--
INFO: Run Behavior\BuildLiteBehavior [ RunTime:0.000000s ]
INFO: [ app_init ] --END-- [ RunTime:0.000000s ]

[ 2015-01-14T15:56:15+08:00 ] ::1 /addressbook/index.php/Home/Bm/index
INFO: [ app_init ] --START--
INFO: Run Behavior\BuildLiteBehavior [ RunTime:0.000000s ]
INFO: [ app_init ] --END-- [ RunTime:0.000000s ]

[ 2015-01-14T15:57:00+08:00 ] ::1 /addressbook/index.php/Home/Bm/index
INFO: [ app_init ] --START--
INFO: Run Behavior\BuildLiteBehavior [ RunTime:0.000000s ]
INFO: [ app_init ] --END-- [ RunTime:0.000000s ]

[ 2015-01-14T15:57:13+08:00 ] ::1 /addressbook/index.php/Home/Bm/index
INFO: [ app_init ] --START--
INFO: Run Behavior\BuildLiteBehavior [ RunTime:0.000000s ]
INFO: [ app_init ] --END-- [ RunTime:0.000000s ]

[ 2015-01-14T15:57:58+08:00 ] ::1 /addressbook/
INFO: [ app_init ] --START--
INFO: Run Behavior\BuildLiteBehavior [ RunTime:0.000000s ]
INFO: [ app_init ] --END-- [ RunTime:0.000000s ]

[ 2015-01-14T15:58:19+08:00 ] ::1 /addressbook/index.php/Home/Yg/index/keywords/wht/type/ygname/p/2.html
INFO: [ app_init ] --START--
INFO: Run Behavior\BuildLiteBehavior [ RunTime:0.000000s ]
INFO: [ app_init ] --END-- [ RunTime:0.000000s ]

[ 2015-01-14T15:58:23+08:00 ] ::1 /addressbook/
INFO: [ app_init ] --START--
INFO: Run Behavior\BuildLiteBehavior [ RunTime:0.000000s ]
INFO: [ app_init ] --END-- [ RunTime:0.000000s ]

[ 2015-01-14T15:58:48+08:00 ] ::1 /addressbook/index.php/Home/Yg/delete/id/61
INFO: [ app_init ] --START--
INFO: Run Behavior\BuildLiteBehavior [ RunTime:0.000000s ]
INFO: [ app_init ] --END-- [ RunTime:0.000000s ]

[ 2015-01-14T15:58:50+08:00 ] ::1 /addressbook/index.php/Home/Yg/index
INFO: [ app_init ] --START--
INFO: Run Behavior\BuildLiteBehavior [ RunTime:0.000000s ]
INFO: [ app_init ] --END-- [ RunTime:0.000000s ]

[ 2015-01-14T15:59:56+08:00 ] ::1 /addressbook/index.php/Home/Yg/index/keywords/wht/type/ygname/p/2.html
INFO: [ app_init ] --START--
INFO: Run Behavior\BuildLiteBehavior [ RunTime:0.000000s ]
INFO: [ app_init ] --END-- [ RunTime:0.000000s ]

[ 2015-01-14T16:00:05+08:00 ] ::1 /addressbook/
INFO: [ app_init ] --START--
INFO: Run Behavior\BuildLiteBehavior [ RunTime:0.000000s ]
INFO: [ app_init ] --END-- [ RunTime:0.000000s ]

[ 2015-01-14T16:13:58+08:00 ] ::1 /addressbook/index.php/Home/Yg/delete/id/60
INFO: [ app_init ] --START--
INFO: Run Behavior\BuildLiteBehavior [ RunTime:0.000000s ]
INFO: [ app_init ] --END-- [ RunTime:0.000000s ]

[ 2015-01-14T16:14:01+08:00 ] ::1 /addressbook/index.php/Home/Yg/index
INFO: [ app_init ] --START--
INFO: Run Behavior\BuildLiteBehavior [ RunTime:0.000000s ]
INFO: [ app_init ] --END-- [ RunTime:0.000000s ]

[ 2015-01-14T16:35:58+08:00 ] ::1 /addressbook/index.php/Home/Yg/index
INFO: [ app_init ] --START--
INFO: Run Behavior\BuildLiteBehavior [ RunTime:0.000000s ]
INFO: [ app_init ] --END-- [ RunTime:0.000000s ]

[ 2015-01-14T16:36:04+08:00 ] ::1 /addressbook/index.php/Home/Yg/delete/id/59
INFO: [ app_init ] --START--
INFO: Run Behavior\BuildLiteBehavior [ RunTime:0.000000s ]
INFO: [ app_init ] --END-- [ RunTime:0.000000s ]

[ 2015-01-14T16:36:06+08:00 ] ::1 /addressbook/index.php/Home/Yg/index
INFO: [ app_init ] --START--
INFO: Run Behavior\BuildLiteBehavior [ RunTime:0.000000s ]
INFO: [ app_init ] --END-- [ RunTime:0.000000s ]

[ 2015-01-14T16:40:40+08:00 ] ::1 /addressbook/index.php/Home/Yg/index
INFO: [ app_init ] --START--
INFO: Run Behavior\BuildLiteBehavior [ RunTime:0.000000s ]
INFO: [ app_init ] --END-- [ RunTime:0.001000s ]

[ 2015-01-14T16:40:43+08:00 ] ::1 /addressbook/index.php/Home/Yg/index
INFO: [ app_init ] --START--
INFO: Run Behavior\BuildLiteBehavior [ RunTime:0.000000s ]
INFO: [ app_init ] --END-- [ RunTime:0.001000s ]

[ 2015-01-14T16:40:53+08:00 ] ::1 /addressbook/
INFO: [ app_init ] --START--
INFO: Run Behavior\BuildLiteBehavior [ RunTime:0.000000s ]
INFO: [ app_init ] --END-- [ RunTime:0.000000s ]

[ 2015-01-14T16:42:20+08:00 ] ::1 /addressbook/
INFO: [ app_init ] --START--
INFO: Run Behavior\BuildLiteBehavior [ RunTime:0.000000s ]
INFO: [ app_init ] --END-- [ RunTime:0.000000s ]

[ 2015-01-14T16:42:23+08:00 ] ::1 /addressbook/
INFO: [ app_init ] --START--
INFO: Run Behavior\BuildLiteBehavior [ RunTime:0.000000s ]
INFO: [ app_init ] --END-- [ RunTime:0.000000s ]

[ 2015-01-14T16:42:25+08:00 ] ::1 /addressbook/index.php/Home/Yg/delete/id/58
INFO: [ app_init ] --START--
INFO: Run Behavior\BuildLiteBehavior [ RunTime:0.000000s ]
INFO: [ app_init ] --END-- [ RunTime:0.000000s ]

[ 2015-01-14T16:42:27+08:00 ] ::1 /addressbook/index.php/Home/Yg/index
INFO: [ app_init ] --START--
INFO: Run Behavior\BuildLiteBehavior [ RunTime:0.000000s ]
INFO: [ app_init ] --END-- [ RunTime:0.000000s ]

[ 2015-01-14T16:43:09+08:00 ] ::1 /addressbook/index.php/Home/Yg/index
INFO: [ app_init ] --START--
INFO: Run Behavior\BuildLiteBehavior [ RunTime:0.000000s ]
INFO: [ app_init ] --END-- [ RunTime:0.000000s ]

[ 2015-01-14T16:43:29+08:00 ] ::1 /addressbook/index.php/Home/Yg/delete/id/57
INFO: [ app_init ] --START--
INFO: Run Behavior\BuildLiteBehavior [ RunTime:0.000000s ]
INFO: [ app_init ] --END-- [ RunTime:0.000000s ]

[ 2015-01-14T16:43:31+08:00 ] ::1 /addressbook/index.php/Home/Yg/index
INFO: [ app_init ] --START--
INFO: Run Behavior\BuildLiteBehavior [ RunTime:0.000000s ]
INFO: [ app_init ] --END-- [ RunTime:0.000000s ]

[ 2015-01-14T16:43:46+08:00 ] ::1 /addressbook/index.php/Home/Yg/delete/id/56
INFO: [ app_init ] --START--
INFO: Run Behavior\BuildLiteBehavior [ RunTime:0.000000s ]
INFO: [ app_init ] --END-- [ RunTime:0.000000s ]

[ 2015-01-14T16:43:48+08:00 ] ::1 /addressbook/index.php/Home/Yg/index
INFO: [ app_init ] --START--
INFO: Run Behavior\BuildLiteBehavior [ RunTime:0.000000s ]
INFO: [ app_init ] --END-- [ RunTime:0.000000s ]

[ 2015-01-14T16:44:18+08:00 ] ::1 /addressbook/index.php/Home/Yg/delete/id/55
INFO: [ app_init ] --START--
INFO: Run Behavior\BuildLiteBehavior [ RunTime:0.000000s ]
INFO: [ app_init ] --END-- [ RunTime:0.000000s ]

[ 2015-01-14T16:44:20+08:00 ] ::1 /addressbook/index.php/Home/Yg/index
INFO: [ app_init ] --START--
INFO: Run Behavior\BuildLiteBehavior [ RunTime:0.000000s ]
INFO: [ app_init ] --END-- [ RunTime:0.000000s ]

[ 2015-01-14T16:44:39+08:00 ] ::1 /addressbook/index.php/Home/Yg/delete/id/54
INFO: [ app_init ] --START--
INFO: Run Behavior\BuildLiteBehavior [ RunTime:0.000000s ]
INFO: [ app_init ] --END-- [ RunTime:0.000000s ]

[ 2015-01-14T16:44:46+08:00 ] ::1 /addressbook/index.php/Home/Yg/delete/id/54
INFO: [ app_init ] --START--
INFO: Run Behavior\BuildLiteBehavior [ RunTime:0.000000s ]
INFO: [ app_init ] --END-- [ RunTime:0.015600s ]

[ 2015-01-14T16:44:58+08:00 ] ::1 /addressbook/index.php/Home/Yg/index
INFO: [ app_init ] --START--
INFO: Run Behavior\BuildLiteBehavior [ RunTime:0.000000s ]
INFO: [ app_init ] --END-- [ RunTime:0.000000s ]

[ 2015-01-14T16:46:39+08:00 ] ::1 /addressbook/index.php/Home/Yg/delete/id/53
INFO: [ app_init ] --START--
INFO: Run Behavior\BuildLiteBehavior [ RunTime:0.000000s ]
INFO: [ app_init ] --END-- [ RunTime:0.000000s ]

[ 2015-01-14T16:46:41+08:00 ] ::1 /addressbook/index.php/Home/Yg/index
INFO: [ app_init ] --START--
INFO: Run Behavior\BuildLiteBehavior [ RunTime:0.000000s ]
INFO: [ app_init ] --END-- [ RunTime:0.000000s ]

[ 2015-01-14T16:46:43+08:00 ] ::1 /addressbook/index.php/Home/Yg/index
INFO: [ app_init ] --START--
INFO: Run Behavior\BuildLiteBehavior [ RunTime:0.000000s ]
INFO: [ app_init ] --END-- [ RunTime:0.000000s ]

[ 2015-01-14T16:46:46+08:00 ] ::1 /addressbook/index.php/Home/Yg/index
INFO: [ app_init ] --START--
INFO: Run Behavior\BuildLiteBehavior [ RunTime:0.000000s ]
INFO: [ app_init ] --END-- [ RunTime:0.000000s ]

[ 2015-01-14T16:47:01+08:00 ] ::1 /addressbook/index.php/Home/Yg/delete/id/52
INFO: [ app_init ] --START--
INFO: Run Behavior\BuildLiteBehavior [ RunTime:0.000000s ]
INFO: [ app_init ] --END-- [ RunTime:0.000000s ]

[ 2015-01-14T16:47:03+08:00 ] ::1 /addressbook/index.php/Home/Yg/index
INFO: [ app_init ] --START--
INFO: Run Behavior\BuildLiteBehavior [ RunTime:0.000000s ]
INFO: [ app_init ] --END-- [ RunTime:0.000000s ]

[ 2015-01-14T16:50:05+08:00 ] ::1 /addressbook/index.php/Home/Yg/delete/id/51
INFO: [ app_init ] --START--
INFO: Run Behavior\BuildLiteBehavior [ RunTime:0.000000s ]
INFO: [ app_init ] --END-- [ RunTime:0.000000s ]

[ 2015-01-14T16:50:08+08:00 ] ::1 /addressbook/index.php/Home/Yg/index
INFO: [ app_init ] --START--
INFO: Run Behavior\BuildLiteBehavior [ RunTime:0.000000s ]
INFO: [ app_init ] --END-- [ RunTime:0.000000s ]

[ 2015-01-14T16:51:47+08:00 ] ::1 /addressbook/index.php/Home/Yg/index
INFO: [ app_init ] --START--
INFO: Run Behavior\BuildLiteBehavior [ RunTime:0.000000s ]
INFO: [ app_init ] --END-- [ RunTime:0.000000s ]

[ 2015-01-14T16:52:21+08:00 ] ::1 /addressbook/index.php/Home/Yg/index
INFO: [ app_init ] --START--
INFO: Run Behavior\BuildLiteBehavior [ RunTime:0.000000s ]
INFO: [ app_init ] --END-- [ RunTime:0.000000s ]

[ 2015-01-14T17:01:34+08:00 ] ::1 /addressbook/index.php/Home/Yg/index
INFO: [ app_init ] --START--
INFO: Run Behavior\BuildLiteBehavior [ RunTime:0.000000s ]
INFO: [ app_init ] --END-- [ RunTime:0.000000s ]

[ 2015-01-14T17:01:56+08:00 ] ::1 /addressbook/index.php/Home/Yg/index
INFO: [ app_init ] --START--
INFO: Run Behavior\BuildLiteBehavior [ RunTime:0.000000s ]
INFO: [ app_init ] --END-- [ RunTime:0.000000s ]

[ 2015-01-14T17:02:21+08:00 ] ::1 /addressbook/index.php/Home/Yg/index
INFO: [ app_init ] --START--
INFO: Run Behavior\BuildLiteBehavior [ RunTime:0.000000s ]
INFO: [ app_init ] --END-- [ RunTime:0.000000s ]

[ 2015-01-14T17:02:24+08:00 ] ::1 /addressbook/index.php/Home/Yg/index
INFO: [ app_init ] --START--
INFO: Run Behavior\BuildLiteBehavior [ RunTime:0.000000s ]
INFO: [ app_init ] --END-- [ RunTime:0.000000s ]

[ 2015-01-14T17:02:26+08:00 ] ::1 /addressbook/index.php/Home/Yg/index
INFO: [ app_init ] --START--
INFO: Run Behavior\BuildLiteBehavior [ RunTime:0.000000s ]
INFO: [ app_init ] --END-- [ RunTime:0.000000s ]

[ 2015-01-14T17:02:29+08:00 ] ::1 /addressbook/
INFO: [ app_init ] --START--
INFO: Run Behavior\BuildLiteBehavior [ RunTime:0.000000s ]
INFO: [ app_init ] --END-- [ RunTime:0.000000s ]

[ 2015-01-14T17:03:42+08:00 ] ::1 /addressbook/
INFO: [ app_init ] --START--
INFO: Run Behavior\BuildLiteBehavior [ RunTime:0.000000s ]
INFO: [ app_init ] --END-- [ RunTime:0.000000s ]

[ 2015-01-14T17:03:47+08:00 ] ::1 /addressbook/index.php/Home/Yg/delete/id/50
INFO: [ app_init ] --START--
INFO: Run Behavior\BuildLiteBehavior [ RunTime:0.000000s ]
INFO: [ app_init ] --END-- [ RunTime:0.000000s ]

[ 2015-01-14T17:03:49+08:00 ] ::1 /addressbook/index.php/Home/Yg/index
INFO: [ app_init ] --START--
INFO: Run Behavior\BuildLiteBehavior [ RunTime:0.000000s ]
INFO: [ app_init ] --END-- [ RunTime:0.000000s ]

[ 2015-01-14T17:03:53+08:00 ] ::1 /addressbook/index.php/Home/Yg/index
INFO: [ app_init ] --START--
INFO: Run Behavior\BuildLiteBehavior [ RunTime:0.000000s ]
INFO: [ app_init ] --END-- [ RunTime:0.000000s ]

[ 2015-01-14T17:15:24+08:00 ] ::1 /addressbook/index.php/Home/Yg/index
INFO: [ app_init ] --START--
INFO: Run Behavior\BuildLiteBehavior [ RunTime:0.000000s ]
INFO: [ app_init ] --END-- [ RunTime:0.000000s ]

[ 2015-01-14T17:15:51+08:00 ] ::1 /addressbook/index.php/Home/Yg/index
INFO: [ app_init ] --START--
INFO: Run Behavior\BuildLiteBehavior [ RunTime:0.000000s ]
INFO: [ app_init ] --END-- [ RunTime:0.000000s ]

[ 2015-01-14T17:16:31+08:00 ] ::1 /addressbook/index.php/Home/Yg/index
INFO: [ app_init ] --START--
INFO: Run Behavior\BuildLiteBehavior [ RunTime:0.000000s ]
INFO: [ app_init ] --END-- [ RunTime:0.000000s ]

[ 2015-01-14T17:16:40+08:00 ] ::1 /addressbook/index.php/Home/Bm/index
INFO: [ app_init ] --START--
INFO: Run Behavior\BuildLiteBehavior [ RunTime:0.000000s ]
INFO: [ app_init ] --END-- [ RunTime:0.000000s ]

[ 2015-01-14T17:16:45+08:00 ] ::1 /addressbook/index.php/Home/Yg/delete/id/51
INFO: [ app_init ] --START--
INFO: Run Behavior\BuildLiteBehavior [ RunTime:0.000000s ]
INFO: [ app_init ] --END-- [ RunTime:0.000000s ]

[ 2015-01-14T17:16:46+08:00 ] ::1 /addressbook/index.php/Home/Yg/index
INFO: [ app_init ] --START--
INFO: Run Behavior\BuildLiteBehavior [ RunTime:0.000000s ]
INFO: [ app_init ] --END-- [ RunTime:0.000000s ]

[ 2015-01-14T17:16:47+08:00 ] ::1 /addressbook/index.php/Home/Yg/delete/id/52
INFO: [ app_init ] --START--
INFO: Run Behavior\BuildLiteBehavior [ RunTime:0.000000s ]
INFO: [ app_init ] --END-- [ RunTime:0.000000s ]

[ 2015-01-14T17:16:48+08:00 ] ::1 /addressbook/index.php/Home/Yg/index
INFO: [ app_init ] --START--
INFO: Run Behavior\BuildLiteBehavior [ RunTime:0.000000s ]
INFO: [ app_init ] --END-- [ RunTime:0.000000s ]

[ 2015-01-14T17:16:49+08:00 ] ::1 /addressbook/index.php/Home/Yg/delete/id/53
INFO: [ app_init ] --START--
INFO: Run Behavior\BuildLiteBehavior [ RunTime:0.000000s ]
INFO: [ app_init ] --END-- [ RunTime:0.000000s ]

[ 2015-01-14T17:16:50+08:00 ] ::1 /addressbook/index.php/Home/Yg/index
INFO: [ app_init ] --START--
INFO: Run Behavior\BuildLiteBehavior [ RunTime:0.000000s ]
INFO: [ app_init ] --END-- [ RunTime:0.000000s ]

[ 2015-01-14T17:16:51+08:00 ] ::1 /addressbook/index.php/Home/Yg/delete/id/55
INFO: [ app_init ] --START--
INFO: Run Behavior\BuildLiteBehavior [ RunTime:0.000000s ]
INFO: [ app_init ] --END-- [ RunTime:0.000000s ]

[ 2015-01-14T17:16:52+08:00 ] ::1 /addressbook/index.php/Home/Yg/index
INFO: [ app_init ] --START--
INFO: Run Behavior\BuildLiteBehavior [ RunTime:0.000000s ]
INFO: [ app_init ] --END-- [ RunTime:0.000000s ]

[ 2015-01-14T17:16:53+08:00 ] ::1 /addressbook/index.php/Home/Yg/delete/id/56
INFO: [ app_init ] --START--
INFO: Run Behavior\BuildLiteBehavior [ RunTime:0.000000s ]
INFO: [ app_init ] --END-- [ RunTime:0.000000s ]

