[ 2015-01-15T10:02:31+08:00 ] ::1 /addressbook/index.php/Home/Yg/upimg
INFO: [ app_init ] --START--
INFO: Run Behavior\BuildLiteBehavior [ RunTime:0.000000s ]
INFO: [ app_init ] --END-- [ RunTime:0.000000s ]
ERR: SQLSTATE[42S22]: Column not found: 1054 Unknown column 'create_time' in 'order clause'

[ 2015-01-15T10:03:07+08:00 ] ::1 /addressbook/index.php/Home/Yg/upimg
INFO: [ app_init ] --START--
INFO: Run Behavior\BuildLiteBehavior [ RunTime:0.000000s ]
INFO: [ app_init ] --END-- [ RunTime:0.000000s ]

[ 2015-01-15T10:03:26+08:00 ] ::1 /addressbook/index.php/Home/Yg/upimg
INFO: [ app_init ] --START--
INFO: Run Behavior\BuildLiteBehavior [ RunTime:0.000000s ]
INFO: [ app_init ] --END-- [ RunTime:0.000000s ]

[ 2015-01-15T10:03:35+08:00 ] ::1 /addressbook/index.php/Home/Yg/upload/
INFO: [ app_init ] --START--
INFO: Run Behavior\BuildLiteBehavior [ RunTime:0.000000s ]
INFO: [ app_init ] --END-- [ RunTime:0.000000s ]

[ 2015-01-15T10:03:37+08:00 ] ::1 /addressbook/index.php/Home/Yg/upimg
INFO: [ app_init ] --START--
INFO: Run Behavior\BuildLiteBehavior [ RunTime:0.000000s ]
INFO: [ app_init ] --END-- [ RunTime:0.000000s ]

[ 2015-01-15T10:04:20+08:00 ] ::1 /addressbook/index.php/Home/Yg/upload/
INFO: [ app_init ] --START--
INFO: Run Behavior\BuildLiteBehavior [ RunTime:0.000000s ]
INFO: [ app_init ] --END-- [ RunTime:0.000000s ]

[ 2015-01-15T10:04:21+08:00 ] ::1 /addressbook/index.php/Home/Yg/upload/index
INFO: [ app_init ] --START--
INFO: Run Behavior\BuildLiteBehavior [ RunTime:0.000000s ]
INFO: [ app_init ] --END-- [ RunTime:0.000000s ]

[ 2015-01-15T10:04:43+08:00 ] ::1 /addressbook/index.php/Home/Yg/upload/index
INFO: [ app_init ] --START--
INFO: Run Behavior\BuildLiteBehavior [ RunTime:0.000000s ]
INFO: [ app_init ] --END-- [ RunTime:0.000000s ]

[ 2015-01-15T10:04:52+08:00 ] ::1 /addressbook/index.php/Home/Yg/upload/
INFO: [ app_init ] --START--
INFO: Run Behavior\BuildLiteBehavior [ RunTime:0.000000s ]
INFO: [ app_init ] --END-- [ RunTime:0.000000s ]

[ 2015-01-15T10:04:55+08:00 ] ::1 /addressbook/index.php/Home/Yg/index
INFO: [ app_init ] --START--
INFO: Run Behavior\BuildLiteBehavior [ RunTime:0.000000s ]
INFO: [ app_init ] --END-- [ RunTime:0.000000s ]

[ 2015-01-15T10:09:47+08:00 ] ::1 /addressbook/index.php/Home/Yg/upimg
INFO: [ app_init ] --START--
INFO: Run Behavior\BuildLiteBehavior [ RunTime:0.000000s ]
INFO: [ app_init ] --END-- [ RunTime:0.000000s ]

[ 2015-01-15T10:09:56+08:00 ] ::1 /addressbook/index.php/Home/Yg/upload/
INFO: [ app_init ] --START--
INFO: Run Behavior\BuildLiteBehavior [ RunTime:0.000000s ]
INFO: [ app_init ] --END-- [ RunTime:0.000000s ]

[ 2015-01-15T10:09:58+08:00 ] ::1 /addressbook/index.php/Home/Yg/index
INFO: [ app_init ] --START--
INFO: Run Behavior\BuildLiteBehavior [ RunTime:0.000000s ]
INFO: [ app_init ] --END-- [ RunTime:0.000000s ]

[ 2015-01-15T10:11:28+08:00 ] ::1 /addressbook/index.php/Home/Yg/index
INFO: [ app_init ] --START--
INFO: Run Behavior\BuildLiteBehavior [ RunTime:0.000000s ]
INFO: [ app_init ] --END-- [ RunTime:0.000000s ]

[ 2015-01-15T10:12:04+08:00 ] ::1 /addressbook/index.php/Home/Yg/index
INFO: [ app_init ] --START--
INFO: Run Behavior\BuildLiteBehavior [ RunTime:0.000000s ]
INFO: [ app_init ] --END-- [ RunTime:0.000000s ]

[ 2015-01-15T10:41:56+08:00 ] ::1 /addressbook/index.php/Home/Yg/index
INFO: [ app_init ] --START--
INFO: Run Behavior\BuildLiteBehavior [ RunTime:0.000000s ]
INFO: [ app_init ] --END-- [ RunTime:0.000000s ]

[ 2015-01-15T10:51:55+08:00 ] ::1 /addressbook/index.php/Home/Yg/index
INFO: [ app_init ] --START--
INFO: Run Behavior\BuildLiteBehavior [ RunTime:0.000000s ]
INFO: [ app_init ] --END-- [ RunTime:0.000000s ]

[ 2015-01-15T11:36:37+08:00 ] ::1 /addressbook/index.php/Home/Yg/index
INFO: [ app_init ] --START--
INFO: Run Behavior\BuildLiteBehavior [ RunTime:0.000000s ]
INFO: [ app_init ] --END-- [ RunTime:0.000000s ]

[ 2015-01-15T11:36:42+08:00 ] ::1 /addressbook/index.php/Home/Yg/upimg
INFO: [ app_init ] --START--
INFO: Run Behavior\BuildLiteBehavior [ RunTime:0.000000s ]
INFO: [ app_init ] --END-- [ RunTime:0.000000s ]

[ 2015-01-15T11:36:47+08:00 ] ::1 /addressbook/index.php/Home/Yg/upload/
INFO: [ app_init ] --START--
INFO: Run Behavior\BuildLiteBehavior [ RunTime:0.000000s ]
INFO: [ app_init ] --END-- [ RunTime:0.000000s ]

[ 2015-01-15T11:36:49+08:00 ] ::1 /addressbook/index.php/Home/Yg/index
INFO: [ app_init ] --START--
INFO: Run Behavior\BuildLiteBehavior [ RunTime:0.000000s ]
INFO: [ app_init ] --END-- [ RunTime:0.000000s ]

[ 2015-01-15T11:41:32+08:00 ] ::1 /addressbook/index.php/Home/Yg/index
INFO: [ app_init ] --START--
INFO: Run Behavior\BuildLiteBehavior [ RunTime:0.000000s ]
INFO: [ app_init ] --END-- [ RunTime:0.000000s ]

[ 2015-01-15T11:41:34+08:00 ] ::1 /addressbook/index.php/Home/Yg/index
INFO: [ app_init ] --START--
INFO: Run Behavior\BuildLiteBehavior [ RunTime:0.000000s ]
INFO: [ app_init ] --END-- [ RunTime:0.001000s ]

[ 2015-01-15T11:41:36+08:00 ] ::1 /addressbook/index.php/Home/Yg/upimg
INFO: [ app_init ] --START--
INFO: Run Behavior\BuildLiteBehavior [ RunTime:0.000000s ]
INFO: [ app_init ] --END-- [ RunTime:0.000000s ]

[ 2015-01-15T11:41:42+08:00 ] ::1 /addressbook/index.php/Home/Yg/upload/
INFO: [ app_init ] --START--
INFO: Run Behavior\BuildLiteBehavior [ RunTime:0.000000s ]
INFO: [ app_init ] --END-- [ RunTime:0.000000s ]

[ 2015-01-15T11:41:44+08:00 ] ::1 /addressbook/index.php/Home/Yg/index
INFO: [ app_init ] --START--
INFO: Run Behavior\BuildLiteBehavior [ RunTime:0.000000s ]
INFO: [ app_init ] --END-- [ RunTime:0.000000s ]

[ 2015-01-15T11:41:51+08:00 ] ::1 /addressbook/index.php/Home/Yg/upimg
INFO: [ app_init ] --START--
INFO: Run Behavior\BuildLiteBehavior [ RunTime:0.000000s ]
INFO: [ app_init ] --END-- [ RunTime:0.001000s ]

[ 2015-01-15T11:42:02+08:00 ] ::1 /addressbook/index.php/Home/Yg/upload/
INFO: [ app_init ] --START--
INFO: Run Behavior\BuildLiteBehavior [ RunTime:0.000000s ]
INFO: [ app_init ] --END-- [ RunTime:0.000000s ]

[ 2015-01-15T11:42:04+08:00 ] ::1 /addressbook/index.php/Home/Yg/index
INFO: [ app_init ] --START--
INFO: Run Behavior\BuildLiteBehavior [ RunTime:0.000000s ]
INFO: [ app_init ] --END-- [ RunTime:0.000000s ]

[ 2015-01-15T11:59:26+08:00 ] ::1 /addressbook/index.php/Home/Yg/index
INFO: [ app_init ] --START--
INFO: Run Behavior\BuildLiteBehavior [ RunTime:0.000000s ]
INFO: [ app_init ] --END-- [ RunTime:0.001000s ]

[ 2015-01-15T11:59:29+08:00 ] ::1 /addressbook/index.php/Home/Yg/upimg
INFO: [ app_init ] --START--
INFO: Run Behavior\BuildLiteBehavior [ RunTime:0.000000s ]
INFO: [ app_init ] --END-- [ RunTime:0.000000s ]

[ 2015-01-15T11:59:34+08:00 ] ::1 /addressbook/index.php/Home/Yg/upload/
INFO: [ app_init ] --START--
INFO: Run Behavior\BuildLiteBehavior [ RunTime:0.000000s ]
INFO: [ app_init ] --END-- [ RunTime:0.000000s ]

[ 2015-01-15T11:59:36+08:00 ] ::1 /addressbook/index.php/Home/Yg/index
INFO: [ app_init ] --START--
INFO: Run Behavior\BuildLiteBehavior [ RunTime:0.000000s ]
INFO: [ app_init ] --END-- [ RunTime:0.000000s ]

[ 2015-01-15T12:43:00+08:00 ] ::1 /addressbook/index.php/Home/Yg/index
INFO: [ app_init ] --START--
INFO: Run Behavior\BuildLiteBehavior [ RunTime:0.000000s ]
INFO: [ app_init ] --END-- [ RunTime:0.000000s ]

[ 2015-01-15T12:43:03+08:00 ] ::1 /addressbook/index.php/Home/Yg/upimg
INFO: [ app_init ] --START--
INFO: Run Behavior\BuildLiteBehavior [ RunTime:0.000000s ]
INFO: [ app_init ] --END-- [ RunTime:0.000000s ]

[ 2015-01-15T12:43:09+08:00 ] ::1 /addressbook/index.php/Home/Yg/upload/
INFO: [ app_init ] --START--
INFO: Run Behavior\BuildLiteBehavior [ RunTime:0.000000s ]
INFO: [ app_init ] --END-- [ RunTime:0.001000s ]

[ 2015-01-15T12:43:12+08:00 ] ::1 /addressbook/index.php/Home/Yg/index
INFO: [ app_init ] --START--
INFO: Run Behavior\BuildLiteBehavior [ RunTime:0.000000s ]
INFO: [ app_init ] --END-- [ RunTime:0.000000s ]

[ 2015-01-15T12:43:42+08:00 ] ::1 /addressbook/index.php/Home/Yg/upimg
INFO: [ app_init ] --START--
INFO: Run Behavior\BuildLiteBehavior [ RunTime:0.000000s ]
INFO: [ app_init ] --END-- [ RunTime:0.000000s ]

[ 2015-01-15T12:43:46+08:00 ] ::1 /addressbook/index.php/Home/Yg/upload/
INFO: [ app_init ] --START--
INFO: Run Behavior\BuildLiteBehavior [ RunTime:0.000000s ]
INFO: [ app_init ] --END-- [ RunTime:0.000000s ]

[ 2015-01-15T12:48:21+08:00 ] ::1 /addressbook/index.php/Home/Yg/upimg
INFO: [ app_init ] --START--
INFO: Run Behavior\BuildLiteBehavior [ RunTime:0.000000s ]
INFO: [ app_init ] --END-- [ RunTime:0.000000s ]

[ 2015-01-15T12:48:26+08:00 ] ::1 /addressbook/index.php/Home/Yg/upload/
INFO: [ app_init ] --START--
INFO: Run Behavior\BuildLiteBehavior [ RunTime:0.000000s ]
INFO: [ app_init ] --END-- [ RunTime:0.000000s ]

[ 2015-01-15T12:50:55+08:00 ] ::1 /addressbook/index.php/Home/Yg/upimg
INFO: [ app_init ] --START--
INFO: Run Behavior\BuildLiteBehavior [ RunTime:0.000000s ]
INFO: [ app_init ] --END-- [ RunTime:0.000000s ]

[ 2015-01-15T12:50:59+08:00 ] ::1 /addressbook/index.php/Home/Yg/upload/
INFO: [ app_init ] --START--
INFO: Run Behavior\BuildLiteBehavior [ RunTime:0.000000s ]
INFO: [ app_init ] --END-- [ RunTime:0.000000s ]

[ 2015-01-15T12:56:43+08:00 ] ::1 /addressbook/index.php/Home/Yg/upload/
INFO: [ app_init ] --START--
INFO: Run Behavior\BuildLiteBehavior [ RunTime:0.000000s ]
INFO: [ app_init ] --END-- [ RunTime:0.000000s ]

[ 2015-01-15T12:57:24+08:00 ] ::1 /addressbook/index.php/Home/Yg/upload/
INFO: [ app_init ] --START--
INFO: Run Behavior\BuildLiteBehavior [ RunTime:0.000000s ]
INFO: [ app_init ] --END-- [ RunTime:0.000000s ]

[ 2015-01-15T12:57:59+08:00 ] ::1 /addressbook/index.php/Home/Yg/upload/
INFO: [ app_init ] --START--
INFO: Run Behavior\BuildLiteBehavior [ RunTime:0.000000s ]
INFO: [ app_init ] --END-- [ RunTime:0.000000s ]

[ 2015-01-15T12:58:27+08:00 ] ::1 /addressbook/index.php/Home/Yg/upload/
INFO: [ app_init ] --START--
INFO: Run Behavior\BuildLiteBehavior [ RunTime:0.000000s ]
INFO: [ app_init ] --END-- [ RunTime:0.001000s ]

[ 2015-01-15T13:00:36+08:00 ] ::1 /addressbook/index.php/Home/Yg/upload/
INFO: [ app_init ] --START--
INFO: Run Behavior\BuildLiteBehavior [ RunTime:0.000000s ]
INFO: [ app_init ] --END-- [ RunTime:0.000000s ]

[ 2015-01-15T13:00:41+08:00 ] ::1 /addressbook/index.php/Home/Yg/upload/
INFO: [ app_init ] --START--
INFO: Run Behavior\BuildLiteBehavior [ RunTime:0.000000s ]
INFO: [ app_init ] --END-- [ RunTime:0.000000s ]

[ 2015-01-15T13:01:45+08:00 ] ::1 /addressbook/index.php/Home/Yg/upload/
INFO: [ app_init ] --START--
INFO: Run Behavior\BuildLiteBehavior [ RunTime:0.000000s ]
INFO: [ app_init ] --END-- [ RunTime:0.000000s ]

[ 2015-01-15T13:01:51+08:00 ] ::1 /addressbook/index.php/Home/Yg/upimg
INFO: [ app_init ] --START--
INFO: Run Behavior\BuildLiteBehavior [ RunTime:0.000000s ]
INFO: [ app_init ] --END-- [ RunTime:0.001000s ]

[ 2015-01-15T13:01:57+08:00 ] ::1 /addressbook/index.php/Home/Yg/upload/
INFO: [ app_init ] --START--
INFO: Run Behavior\BuildLiteBehavior [ RunTime:0.000000s ]
INFO: [ app_init ] --END-- [ RunTime:0.000000s ]

[ 2015-01-15T13:07:28+08:00 ] ::1 /addressbook/index.php/Home/Yg/upimg
INFO: [ app_init ] --START--
INFO: Run Behavior\BuildLiteBehavior [ RunTime:0.000000s ]
INFO: [ app_init ] --END-- [ RunTime:0.000000s ]

[ 2015-01-15T13:07:39+08:00 ] ::1 /addressbook/index.php/Home/Yg/upimg
INFO: [ app_init ] --START--
INFO: Run Behavior\BuildLiteBehavior [ RunTime:0.000000s ]
INFO: [ app_init ] --END-- [ RunTime:0.000000s ]

[ 2015-01-15T13:07:43+08:00 ] ::1 /addressbook/index.php/Home/Yg/upload/
INFO: [ app_init ] --START--
INFO: Run Behavior\BuildLiteBehavior [ RunTime:0.000000s ]
INFO: [ app_init ] --END-- [ RunTime:0.000000s ]

[ 2015-01-15T13:08:15+08:00 ] ::1 /addressbook/index.php/Home/Yg/upimg
INFO: [ app_init ] --START--
INFO: Run Behavior\BuildLiteBehavior [ RunTime:0.000000s ]
INFO: [ app_init ] --END-- [ RunTime:0.001000s ]

[ 2015-01-15T13:08:19+08:00 ] ::1 /addressbook/index.php/Home/Yg/upload/
INFO: [ app_init ] --START--
INFO: Run Behavior\BuildLiteBehavior [ RunTime:0.000000s ]
INFO: [ app_init ] --END-- [ RunTime:0.000000s ]

[ 2015-01-15T13:08:50+08:00 ] ::1 /addressbook/index.php/Home/Yg/upimg
INFO: [ app_init ] --START--
INFO: Run Behavior\BuildLiteBehavior [ RunTime:0.000000s ]
INFO: [ app_init ] --END-- [ RunTime:0.000000s ]

[ 2015-01-15T13:08:54+08:00 ] ::1 /addressbook/index.php/Home/Yg/upload/
INFO: [ app_init ] --START--
INFO: Run Behavior\BuildLiteBehavior [ RunTime:0.000000s ]
INFO: [ app_init ] --END-- [ RunTime:0.000000s ]

[ 2015-01-15T13:09:43+08:00 ] ::1 /addressbook/index.php/Home/Yg/upload/
INFO: [ app_init ] --START--
INFO: Run Behavior\BuildLiteBehavior [ RunTime:0.001000s ]
INFO: [ app_init ] --END-- [ RunTime:0.001000s ]

[ 2015-01-15T13:10:03+08:00 ] ::1 /addressbook/index.php/Home/Yg/upimg
INFO: [ app_init ] --START--
INFO: Run Behavior\BuildLiteBehavior [ RunTime:0.000000s ]
INFO: [ app_init ] --END-- [ RunTime:0.000000s ]

[ 2015-01-15T13:10:09+08:00 ] ::1 /addressbook/index.php/Home/Yg/upload/
INFO: [ app_init ] --START--
INFO: Run Behavior\BuildLiteBehavior [ RunTime:0.000000s ]
INFO: [ app_init ] --END-- [ RunTime:0.000000s ]

[ 2015-01-15T13:21:03+08:00 ] ::1 /addressbook/index.php/Home/Yg/upimg
INFO: [ app_init ] --START--
INFO: Run Behavior\BuildLiteBehavior [ RunTime:0.000000s ]
INFO: [ app_init ] --END-- [ RunTime:0.000000s ]

[ 2015-01-15T13:21:07+08:00 ] ::1 /addressbook/index.php/Home/Yg/upimg
INFO: [ app_init ] --START--
INFO: Run Behavior\BuildLiteBehavior [ RunTime:0.000000s ]
INFO: [ app_init ] --END-- [ RunTime:0.000000s ]

[ 2015-01-15T13:21:11+08:00 ] ::1 /addressbook/index.php/Home/Yg/upload/
INFO: [ app_init ] --START--
INFO: Run Behavior\BuildLiteBehavior [ RunTime:0.000000s ]
INFO: [ app_init ] --END-- [ RunTime:0.000000s ]
ERR: ‰∏çÂ≠òÂú®ÁöÑÂõæÂÉèÊñá‰ª∂

[ 2015-01-15T13:21:31+08:00 ] ::1 /addressbook/index.php/Home/Yg/upimg
INFO: [ app_init ] --START--
INFO: Run Behavior\BuildLiteBehavior [ RunTime:0.000000s ]
INFO: [ app_init ] --END-- [ RunTime:0.000000s ]

[ 2015-01-15T13:21:35+08:00 ] ::1 /addressbook/index.php/Home/Yg/upload/
INFO: [ app_init ] --START--
INFO: Run Behavior\BuildLiteBehavior [ RunTime:0.000000s ]
INFO: [ app_init ] --END-- [ RunTime:0.000000s ]
ERR: ‰∏çÂ≠òÂú®ÁöÑÂõæÂÉèÊñá‰ª∂

[ 2015-01-15T13:25:14+08:00 ] ::1 /addressbook/index.php/Home/Yg/upload/
INFO: [ app_init ] --START--
INFO: Run Behavior\BuildLiteBehavior [ RunTime:0.000000s ]
INFO: [ app_init ] --END-- [ RunTime:0.000000s ]
ERR: ‰∏çÂ≠òÂú®ÁöÑÂõæÂÉèÊñá‰ª∂

[ 2015-01-15T13:26:36+08:00 ] ::1 /addressbook/index.php/Home/Yg/upload/
INFO: [ app_init ] --START--
INFO: Run Behavior\BuildLiteBehavior [ RunTime:0.000000s ]
INFO: [ app_init ] --END-- [ RunTime:0.001000s ]

[ 2015-01-15T13:26:56+08:00 ] ::1 /addressbook/index.php/Home/Yg/upload/
INFO: [ app_init ] --START--
INFO: Run Behavior\BuildLiteBehavior [ RunTime:0.000000s ]
INFO: [ app_init ] --END-- [ RunTime:0.000000s ]

[ 2015-01-15T13:28:05+08:00 ] ::1 /addressbook/index.php/Home/Yg/upload/
INFO: [ app_init ] --START--
INFO: Run Behavior\BuildLiteBehavior [ RunTime:0.000000s ]
INFO: [ app_init ] --END-- [ RunTime:0.001000s ]

[ 2015-01-15T13:28:35+08:00 ] ::1 /addressbook/index.php/Home/Yg/upload/
INFO: [ app_init ] --START--
INFO: Run Behavior\BuildLiteBehavior [ RunTime:0.000000s ]
INFO: [ app_init ] --END-- [ RunTime:0.000000s ]

[ 2015-01-15T13:29:44+08:00 ] ::1 /addressbook/index.php/Home/Yg/upload/
INFO: [ app_init ] --START--
INFO: Run Behavior\BuildLiteBehavior [ RunTime:0.000000s ]
INFO: [ app_init ] --END-- [ RunTime:0.001000s ]

[ 2015-01-15T13:30:00+08:00 ] ::1 /addressbook/index.php/Home/Yg/upload/
INFO: [ app_init ] --START--
INFO: Run Behavior\BuildLiteBehavior [ RunTime:0.000000s ]
INFO: [ app_init ] --END-- [ RunTime:0.002000s ]

[ 2015-01-15T13:31:26+08:00 ] ::1 /addressbook/index.php/Home/Yg/upload/
INFO: [ app_init ] --START--
INFO: Run Behavior\BuildLiteBehavior [ RunTime:0.000000s ]
INFO: [ app_init ] --END-- [ RunTime:0.003000s ]

[ 2015-01-15T13:31:38+08:00 ] ::1 /addressbook/index.php/Home/Yg/upload/
INFO: [ app_init ] --START--
INFO: Run Behavior\BuildLiteBehavior [ RunTime:0.000000s ]
INFO: [ app_init ] --END-- [ RunTime:0.000000s ]

[ 2015-01-15T13:31:40+08:00 ] ::1 /addressbook/index.php/Home/Yg/index
INFO: [ app_init ] --START--
INFO: Run Behavior\BuildLiteBehavior [ RunTime:0.000000s ]
INFO: [ app_init ] --END-- [ RunTime:0.001001s ]

[ 2015-01-15T13:32:14+08:00 ] ::1 /addressbook/index.php/Home/Yg/upload/
INFO: [ app_init ] --START--
INFO: Run Behavior\BuildLiteBehavior [ RunTime:0.000000s ]
INFO: [ app_init ] --END-- [ RunTime:0.000000s ]

[ 2015-01-15T13:32:34+08:00 ] ::1 /addressbook/index.php/Home/Yg/upload/
INFO: [ app_init ] --START--
INFO: Run Behavior\BuildLiteBehavior [ RunTime:0.000000s ]
INFO: [ app_init ] --END-- [ RunTime:0.000000s ]

[ 2015-01-15T13:33:28+08:00 ] ::1 /addressbook/index.php/Home/Yg/upload/
INFO: [ app_init ] --START--
INFO: Run Behavior\BuildLiteBehavior [ RunTime:0.000000s ]
INFO: [ app_init ] --END-- [ RunTime:0.000000s ]

[ 2015-01-15T13:33:36+08:00 ] ::1 /addressbook/index.php/Home/Yg/upload/
INFO: [ app_init ] --START--
INFO: Run Behavior\BuildLiteBehavior [ RunTime:0.000000s ]
INFO: [ app_init ] --END-- [ RunTime:0.001000s ]

[ 2015-01-15T13:34:26+08:00 ] ::1 /addressbook/index.php/Home/Yg/upload/
INFO: [ app_init ] --START--
INFO: Run Behavior\BuildLiteBehavior [ RunTime:0.000000s ]
INFO: [ app_init ] --END-- [ RunTime:0.000000s ]

[ 2015-01-15T13:36:17+08:00 ] ::1 /addressbook/index.php/Home/Yg/upload/
INFO: [ app_init ] --START--
INFO: Run Behavior\BuildLiteBehavior [ RunTime:0.000000s ]
INFO: [ app_init ] --END-- [ RunTime:0.000000s ]

[ 2015-01-15T13:38:38+08:00 ] ::1 /addressbook/index.php/Home/Yg/upload/
INFO: [ app_init ] --START--
INFO: Run Behavior\BuildLiteBehavior [ RunTime:0.000000s ]
INFO: [ app_init ] --END-- [ RunTime:0.000000s ]

[ 2015-01-15T13:39:32+08:00 ] ::1 /addressbook/index.php/Home/Yg/upload/
INFO: [ app_init ] --START--
INFO: Run Behavior\BuildLiteBehavior [ RunTime:0.000000s ]
INFO: [ app_init ] --END-- [ RunTime:0.000000s ]

[ 2015-01-15T13:41:33+08:00 ] ::1 /addressbook/index.php/Home/Yg/upload/
INFO: [ app_init ] --START--
INFO: Run Behavior\BuildLiteBehavior [ RunTime:0.000000s ]
INFO: [ app_init ] --END-- [ RunTime:0.001000s ]

[ 2015-01-15T13:41:37+08:00 ] ::1 /addressbook/index.php/Home/Yg/upload/
INFO: [ app_init ] --START--
INFO: Run Behavior\BuildLiteBehavior [ RunTime:0.001000s ]
INFO: [ app_init ] --END-- [ RunTime:0.001000s ]

[ 2015-01-15T13:42:02+08:00 ] ::1 /addressbook/index.php/Home/Yg/upload/
INFO: [ app_init ] --START--
INFO: Run Behavior\BuildLiteBehavior [ RunTime:0.000000s ]
INFO: [ app_init ] --END-- [ RunTime:0.000000s ]
ERR: ‰∏çÂ≠òÂú®ÁöÑÂõæÂÉèÊñá‰ª∂

[ 2015-01-15T13:42:58+08:00 ] ::1 /addressbook/index.php/Home/Yg/upimg
INFO: [ app_init ] --START--
INFO: Run Behavior\BuildLiteBehavior [ RunTime:0.000000s ]
INFO: [ app_init ] --END-- [ RunTime:0.000000s ]

[ 2015-01-15T13:43:03+08:00 ] ::1 /addressbook/index.php/Home/Yg/upload/
INFO: [ app_init ] --START--
INFO: Run Behavior\BuildLiteBehavior [ RunTime:0.000000s ]
INFO: [ app_init ] --END-- [ RunTime:0.001001s ]
ERR: ‰∏çÂ≠òÂú®ÁöÑÂõæÂÉèÊñá‰ª∂

[ 2015-01-15T13:44:21+08:00 ] ::1 /addressbook/index.php/Home/Yg/upload/
INFO: [ app_init ] --START--
INFO: Run Behavior\BuildLiteBehavior [ RunTime:0.000000s ]
INFO: [ app_init ] --END-- [ RunTime:0.000000s ]
ERR: ‰∏çÂ≠òÂú®ÁöÑÂõæÂÉèÊñá‰ª∂

[ 2015-01-15T13:44:58+08:00 ] ::1 /addressbook/index.php/Home/Yg/upload/
INFO: [ app_init ] --START--
INFO: Run Behavior\BuildLiteBehavior [ RunTime:0.000000s ]
INFO: [ app_init ] --END-- [ RunTime:0.000000s ]
ERR: ‰∏çÂ≠òÂú®ÁöÑÂõæÂÉèÊñá‰ª∂

[ 2015-01-15T13:45:56+08:00 ] ::1 /addressbook/index.php/Home/Yg/upload/
INFO: [ app_init ] --START--
INFO: Run Behavior\BuildLiteBehavior [ RunTime:0.000000s ]
INFO: [ app_init ] --END-- [ RunTime:0.000000s ]
ERR: ‰∏çÂ≠òÂú®ÁöÑÂõæÂÉèÊñá‰ª∂

[ 2015-01-15T13:46:40+08:00 ] ::1 /addressbook/index.php/Home/Yg/upload/
INFO: [ app_init ] --START--
INFO: Run Behavior\BuildLiteBehavior [ RunTime:0.000000s ]
INFO: [ app_init ] --END-- [ RunTime:0.000000s ]

[ 2015-01-15T13:51:54+08:00 ] ::1 /addressbook/index.php/Home/Yg/upimg
INFO: [ app_init ] --START--
INFO: Run Behavior\BuildLiteBehavior [ RunTime:0.000000s ]
INFO: [ app_init ] --END-- [ RunTime:0.000000s ]

[ 2015-01-15T13:52:01+08:00 ] ::1 /addressbook/index.php/Home/Yg/upload/
INFO: [ app_init ] --START--
INFO: Run Behavior\BuildLiteBehavior [ RunTime:0.000000s ]
INFO: [ app_init ] --END-- [ RunTime:0.001000s ]

[ 2015-01-15T13:55:18+08:00 ] ::1 /addressbook/index.php/Home/Yg/index
INFO: [ app_init ] --START--
INFO: Run Behavior\BuildLiteBehavior [ RunTime:0.000000s ]
INFO: [ app_init ] --END-- [ RunTime:0.000000s ]

[ 2015-01-15T13:55:20+08:00 ] ::1 /addressbook/index.php/Home/Yg/upimg/params/Ô£??
INFO: [ app_init ] --START--
INFO: Run Behavior\BuildLiteBehavior [ RunTime:0.000000s ]
INFO: [ app_init ] --END-- [ RunTime:0.001000s ]

[ 2015-01-15T13:56:44+08:00 ] ::1 /addressbook/index.php/Home/Yg/index
INFO: [ app_init ] --START--
INFO: Run Behavior\BuildLiteBehavior [ RunTime:0.000000s ]
INFO: [ app_init ] --END-- [ RunTime:0.001000s ]

[ 2015-01-15T13:56:46+08:00 ] ::1 /addressbook/index.php/Home/Yg/upimg/params/ÃÌº”
INFO: [ app_init ] --START--
INFO: Run Behavior\BuildLiteBehavior [ RunTime:0.000000s ]
INFO: [ app_init ] --END-- [ RunTime:0.001001s ]

[ 2015-01-15T13:56:54+08:00 ] ::1 /addressbook/index.php/Home/Yg/upload/
INFO: [ app_init ] --START--
INFO: Run Behavior\BuildLiteBehavior [ RunTime:0.000000s ]
INFO: [ app_init ] --END-- [ RunTime:0.001000s ]

[ 2015-01-15T13:57:10+08:00 ] ::1 /addressbook/index.php/Home/Yg/upload/
INFO: [ app_init ] --START--
INFO: Run Behavior\BuildLiteBehavior [ RunTime:0.000000s ]
INFO: [ app_init ] --END-- [ RunTime:0.000000s ]

[ 2015-01-15T14:09:52+08:00 ] ::1 /addressbook/index.php/Home/Yg/upload/
INFO: [ app_init ] --START--
INFO: Run Behavior\BuildLiteBehavior [ RunTime:0.000000s ]
INFO: [ app_init ] --END-- [ RunTime:0.000000s ]

[ 2015-01-15T14:09:57+08:00 ] ::1 /addressbook/index.php/Home/Yg/index
INFO: [ app_init ] --START--
INFO: Run Behavior\BuildLiteBehavior [ RunTime:0.000000s ]
INFO: [ app_init ] --END-- [ RunTime:0.000000s ]

[ 2015-01-15T14:09:58+08:00 ] ::1 /addressbook/index.php/Home/Yg/upload/params/ÃÌº”
INFO: [ app_init ] --START--
INFO: Run Behavior\BuildLiteBehavior [ RunTime:0.000000s ]
INFO: [ app_init ] --END-- [ RunTime:0.000000s ]

[ 2015-01-15T14:10:01+08:00 ] ::1 /addressbook/index.php/Home/Yg/upload/
INFO: [ app_init ] --START--
INFO: Run Behavior\BuildLiteBehavior [ RunTime:0.000000s ]
INFO: [ app_init ] --END-- [ RunTime:0.001000s ]

[ 2015-01-15T14:10:06+08:00 ] ::1 /addressbook/index.php/Home/Yg/upload/
INFO: [ app_init ] --START--
INFO: Run Behavior\BuildLiteBehavior [ RunTime:0.000000s ]
INFO: [ app_init ] --END-- [ RunTime:0.000000s ]

[ 2015-01-15T14:14:36+08:00 ] ::1 /addressbook/index.php/Home/Yg/upload/
INFO: [ app_init ] --START--
INFO: Run Behavior\BuildLiteBehavior [ RunTime:0.000000s ]
INFO: [ app_init ] --END-- [ RunTime:0.000000s ]
ERR: ‰∏çÂ≠òÂú®ÁöÑÂõæÂÉèÊñá‰ª∂

[ 2015-01-15T14:15:26+08:00 ] ::1 /addressbook/index.php/Home/Yg/upload/
INFO: [ app_init ] --START--
INFO: Run Behavior\BuildLiteBehavior [ RunTime:0.000000s ]
INFO: [ app_init ] --END-- [ RunTime:0.000000s ]
ERR: ‰∏çÂ≠òÂú®ÁöÑÂõæÂÉèÊñá‰ª∂

[ 2015-01-15T14:16:06+08:00 ] ::1 /addressbook/index.php/Home/Yg/upload/
INFO: [ app_init ] --START--
INFO: Run Behavior\BuildLiteBehavior [ RunTime:0.000000s ]
INFO: [ app_init ] --END-- [ RunTime:0.000000s ]
ERR: ‰∏çÂ≠òÂú®ÁöÑÂõæÂÉèÊñá‰ª∂

[ 2015-01-15T14:16:14+08:00 ] ::1 /addressbook/index.php/Home/Yg/upload/
INFO: [ app_init ] --START--
INFO: Run Behavior\BuildLiteBehavior [ RunTime:0.000000s ]
INFO: [ app_init ] --END-- [ RunTime:0.001000s ]

[ 2015-01-15T14:16:20+08:00 ] ::1 /addressbook/index.php/Home/Yg/upload/
INFO: [ app_init ] --START--
INFO: Run Behavior\BuildLiteBehavior [ RunTime:0.000000s ]
INFO: [ app_init ] --END-- [ RunTime:0.000000s ]

[ 2015-01-15T14:16:24+08:00 ] ::1 /addressbook/index.php/Home/Yg/index
INFO: [ app_init ] --START--
INFO: Run Behavior\BuildLiteBehavior [ RunTime:0.000000s ]
INFO: [ app_init ] --END-- [ RunTime:0.001000s ]

[ 2015-01-15T14:16:26+08:00 ] ::1 /addressbook/index.php/Home/Yg/upimg/params/ÃÌº”
INFO: [ app_init ] --START--
INFO: Run Behavior\BuildLiteBehavior [ RunTime:0.000000s ]
INFO: [ app_init ] --END-- [ RunTime:0.001000s ]

[ 2015-01-15T14:16:31+08:00 ] ::1 /addressbook/index.php/Home/Yg/upload/
INFO: [ app_init ] --START--
INFO: Run Behavior\BuildLiteBehavior [ RunTime:0.000000s ]
INFO: [ app_init ] --END-- [ RunTime:0.000000s ]

[ 2015-01-15T14:16:48+08:00 ] ::1 /addressbook/index.php/Home/Yg/upload/
INFO: [ app_init ] --START--
INFO: Run Behavior\BuildLiteBehavior [ RunTime:0.000000s ]
INFO: [ app_init ] --END-- [ RunTime:0.001000s ]

[ 2015-01-15T14:16:50+08:00 ] ::1 /addressbook/index.php/Home/Yg/index
INFO: [ app_init ] --START--
INFO: Run Behavior\BuildLiteBehavior [ RunTime:0.000000s ]
INFO: [ app_init ] --END-- [ RunTime:0.000000s ]

[ 2015-01-15T14:19:54+08:00 ] ::1 /addressbook/index.php/Home/Yg/index
INFO: [ app_init ] --START--
INFO: Run Behavior\BuildLiteBehavior [ RunTime:0.000000s ]
INFO: [ app_init ] --END-- [ RunTime:0.000000s ]

[ 2015-01-15T14:19:55+08:00 ] ::1 /addressbook/index.php/Home/Yg/upimg/params/ÃÌº”
INFO: [ app_init ] --START--
INFO: Run Behavior\BuildLiteBehavior [ RunTime:0.000000s ]
INFO: [ app_init ] --END-- [ RunTime:0.000000s ]

[ 2015-01-15T14:20:00+08:00 ] ::1 /addressbook/index.php/Home/Yg/upload/
INFO: [ app_init ] --START--
INFO: Run Behavior\BuildLiteBehavior [ RunTime:0.000000s ]
INFO: [ app_init ] --END-- [ RunTime:0.000000s ]
ERR: Ê®°Êùø‰∏çÂ≠òÂú®:./Application/Home/View/Yg/upload.html

[ 2015-01-15T14:21:27+08:00 ] ::1 /addressbook/index.php/Home/Yg/upload/
INFO: [ app_init ] --START--
INFO: Run Behavior\BuildLiteBehavior [ RunTime:0.000000s ]
INFO: [ app_init ] --END-- [ RunTime:0.000000s ]

[ 2015-01-15T14:21:30+08:00 ] ::1 /addressbook/index.php/Home/Yg/index
INFO: [ app_init ] --START--
INFO: Run Behavior\BuildLiteBehavior [ RunTime:0.000000s ]
INFO: [ app_init ] --END-- [ RunTime:0.000000s ]

[ 2015-01-15T14:22:34+08:00 ] ::1 /addressbook/index.php/Home/Yg/upimg/params/ÃÌº”
INFO: [ app_init ] --START--
INFO: Run Behavior\BuildLiteBehavior [ RunTime:0.000000s ]
INFO: [ app_init ] --END-- [ RunTime:0.000000s ]

[ 2015-01-15T14:25:31+08:00 ] ::1 /addressbook/
INFO: [ app_init ] --START--
INFO: Run Behavior\BuildLiteBehavior [ RunTime:0.000000s ]
INFO: [ app_init ] --END-- [ RunTime:0.000000s ]

[ 2015-01-15T14:25:34+08:00 ] ::1 /addressbook/index.php/Home/Yg/index?keywords=&type=ygname
INFO: [ app_init ] --START--
INFO: Run Behavior\BuildLiteBehavior [ RunTime:0.000000s ]
INFO: [ app_init ] --END-- [ RunTime:0.000000s ]

[ 2015-01-15T14:25:35+08:00 ] ::1 /addressbook/index.php/Home/Yg/add
INFO: [ app_init ] --START--
INFO: Run Behavior\BuildLiteBehavior [ RunTime:0.000000s ]
INFO: [ app_init ] --END-- [ RunTime:0.000000s ]

[ 2015-01-15T14:25:43+08:00 ] ::1 /addressbook/index.php/Home/Bm/index
INFO: [ app_init ] --START--
INFO: Run Behavior\BuildLiteBehavior [ RunTime:0.000000s ]
INFO: [ app_init ] --END-- [ RunTime:0.000000s ]

[ 2015-01-15T14:25:58+08:00 ] ::1 /addressbook/index.php/Home/Yg/upimg/params/ÃÌº”
INFO: [ app_init ] --START--
INFO: Run Behavior\BuildLiteBehavior [ RunTime:0.000000s ]
INFO: [ app_init ] --END-- [ RunTime:0.000000s ]

[ 2015-01-15T14:26:06+08:00 ] ::1 /addressbook/index.php/Home/Yg/upload/
INFO: [ app_init ] --START--
INFO: Run Behavior\BuildLiteBehavior [ RunTime:0.000000s ]
INFO: [ app_init ] --END-- [ RunTime:0.000000s ]

[ 2015-01-15T14:26:08+08:00 ] ::1 /addressbook/index.php/Home/Yg/index
INFO: [ app_init ] --START--
INFO: Run Behavior\BuildLiteBehavior [ RunTime:0.000000s ]
INFO: [ app_init ] --END-- [ RunTime:0.000000s ]

[ 2015-01-15T14:27:56+08:00 ] ::1 /addressbook/index.php/Home/Yg/upimg/params/ÃÌº”
INFO: [ app_init ] --START--
INFO: Run Behavior\BuildLiteBehavior [ RunTime:0.000000s ]
INFO: [ app_init ] --END-- [ RunTime:0.000000s ]

[ 2015-01-15T14:28:00+08:00 ] ::1 /addressbook/index.php/Home/Yg/upload/
INFO: [ app_init ] --START--
INFO: Run Behavior\BuildLiteBehavior [ RunTime:0.000000s ]
INFO: [ app_init ] --END-- [ RunTime:0.001000s ]

[ 2015-01-15T14:28:36+08:00 ] ::1 /addressbook/index.php/Home/Yg/index
INFO: [ app_init ] --START--
INFO: Run Behavior\BuildLiteBehavior [ RunTime:0.000000s ]
INFO: [ app_init ] --END-- [ RunTime:0.000000s ]

[ 2015-01-15T14:28:37+08:00 ] ::1 /addressbook/index.php/Home/Yg/upimg/params/ÃÌº”
INFO: [ app_init ] --START--
INFO: Run Behavior\BuildLiteBehavior [ RunTime:0.000000s ]
INFO: [ app_init ] --END-- [ RunTime:0.000000s ]

[ 2015-01-15T14:29:51+08:00 ] ::1 /addressbook/index.php/Home/Yg/index
INFO: [ app_init ] --START--
INFO: Run Behavior\BuildLiteBehavior [ RunTime:0.000000s ]
INFO: [ app_init ] --END-- [ RunTime:0.000000s ]

[ 2015-01-15T14:29:52+08:00 ] ::1 /addressbook/index.php/Home/Yg/upimg/params/ÃÌº”
INFO: [ app_init ] --START--
INFO: Run Behavior\BuildLiteBehavior [ RunTime:0.000000s ]
INFO: [ app_init ] --END-- [ RunTime:0.000000s ]

[ 2015-01-15T14:32:09+08:00 ] ::1 /addressbook/index.php/Home/Yg/index
INFO: [ app_init ] --START--
INFO: Run Behavior\BuildLiteBehavior [ RunTime:0.000000s ]
INFO: [ app_init ] --END-- [ RunTime:0.001000s ]

[ 2015-01-15T14:32:10+08:00 ] ::1 /addressbook/index.php/Home/Yg/upimg/params/ÃÌº”
INFO: [ app_init ] --START--
INFO: Run Behavior\BuildLiteBehavior [ RunTime:0.000000s ]
INFO: [ app_init ] --END-- [ RunTime:0.000000s ]

[ 2015-01-15T14:34:33+08:00 ] ::1 /addressbook/index.php/Home/Yg/upimg/params/ÃÌº”
INFO: [ app_init ] --START--
INFO: Run Behavior\BuildLiteBehavior [ RunTime:0.000000s ]
INFO: [ app_init ] --END-- [ RunTime:0.000000s ]

[ 2015-01-15T14:35:27+08:00 ] ::1 /addressbook/index.php/Home/Yg/upimg/params/ÃÌº”
INFO: [ app_init ] --START--
INFO: Run Behavior\BuildLiteBehavior [ RunTime:0.000000s ]
INFO: [ app_init ] --END-- [ RunTime:0.000000s ]

[ 2015-01-15T14:35:48+08:00 ] ::1 /addressbook/index.php/Home/Yg/upimg/params/ÃÌº”
INFO: [ app_init ] --START--
INFO: Run Behavior\BuildLiteBehavior [ RunTime:0.000000s ]
INFO: [ app_init ] --END-- [ RunTime:0.000000s ]

[ 2015-01-15T14:37:20+08:00 ] ::1 /addressbook/index.php/Home/Yg/upimg/params/ÃÌº”
INFO: [ app_init ] --START--
INFO: Run Behavior\BuildLiteBehavior [ RunTime:0.000000s ]
INFO: [ app_init ] --END-- [ RunTime:0.000000s ]

[ 2015-01-15T14:38:53+08:00 ] ::1 /addressbook/index.php/Home/Yg/upimg/params/ÃÌº”
INFO: [ app_init ] --START--
INFO: Run Behavior\BuildLiteBehavior [ RunTime:0.000000s ]
INFO: [ app_init ] --END-- [ RunTime:0.000000s ]

[ 2015-01-15T14:38:55+08:00 ] ::1 /addressbook/index.php/Home/Yg/upimg/params/ÃÌº”
INFO: [ app_init ] --START--
INFO: Run Behavior\BuildLiteBehavior [ RunTime:0.000000s ]
INFO: [ app_init ] --END-- [ RunTime:0.001000s ]

[ 2015-01-15T14:41:54+08:00 ] ::1 /addressbook/index.php/Home/Yg/upimg/params/ÃÌº”
INFO: [ app_init ] --START--
INFO: Run Behavior\BuildLiteBehavior [ RunTime:0.000000s ]
INFO: [ app_init ] --END-- [ RunTime:0.000000s ]

[ 2015-01-15T14:41:56+08:00 ] ::1 /addressbook/index.php/Home/Yg/index
INFO: [ app_init ] --START--
INFO: Run Behavior\BuildLiteBehavior [ RunTime:0.000000s ]
INFO: [ app_init ] --END-- [ RunTime:0.000000s ]

[ 2015-01-15T14:42:06+08:00 ] ::1 /addressbook/index.php/Home/Yg/index
INFO: [ app_init ] --START--
INFO: Run Behavior\BuildLiteBehavior [ RunTime:0.000000s ]
INFO: [ app_init ] --END-- [ RunTime:0.000000s ]

[ 2015-01-15T14:42:08+08:00 ] ::1 /addressbook/index.php/Home/Yg/index
INFO: [ app_init ] --START--
INFO: Run Behavior\BuildLiteBehavior [ RunTime:0.000000s ]
INFO: [ app_init ] --END-- [ RunTime:0.001000s ]

[ 2015-01-15T14:42:15+08:00 ] ::1 /addressbook/index.php/Home/Yg/index
INFO: [ app_init ] --START--
INFO: Run Behavior\BuildLiteBehavior [ RunTime:0.000000s ]
INFO: [ app_init ] --END-- [ RunTime:0.001000s ]

[ 2015-01-15T14:44:16+08:00 ] ::1 /addressbook/index.php/Home/Bm/index
INFO: [ app_init ] --START--
INFO: Run Behavior\BuildLiteBehavior [ RunTime:0.000000s ]
INFO: [ app_init ] --END-- [ RunTime:0.000000s ]

[ 2015-01-15T14:44:30+08:00 ] ::1 /addressbook/index.php/Home/Bm/index
INFO: [ app_init ] --START--
INFO: Run Behavior\BuildLiteBehavior [ RunTime:0.000000s ]
INFO: [ app_init ] --END-- [ RunTime:0.000000s ]

[ 2015-01-15T14:46:25+08:00 ] ::1 /addressbook/index.php/Home/Yg/index
INFO: [ app_init ] --START--
INFO: Run Behavior\BuildLiteBehavior [ RunTime:0.000000s ]
INFO: [ app_init ] --END-- [ RunTime:0.000000s ]

[ 2015-01-15T14:46:27+08:00 ] ::1 /addressbook/index.php/Home/Bm/index
INFO: [ app_init ] --START--
INFO: Run Behavior\BuildLiteBehavior [ RunTime:0.000000s ]
INFO: [ app_init ] --END-- [ RunTime:0.001000s ]

[ 2015-01-15T14:46:29+08:00 ] ::1 /addressbook/index.php/Home/Yg/index
INFO: [ app_init ] --START--
INFO: Run Behavior\BuildLiteBehavior [ RunTime:0.000000s ]
INFO: [ app_init ] --END-- [ RunTime:0.000000s ]

[ 2015-01-15T14:47:03+08:00 ] ::1 /addressbook/index.php/Home/Yg/index
INFO: [ app_init ] --START--
INFO: Run Behavior\BuildLiteBehavior [ RunTime:0.000000s ]
INFO: [ app_init ] --END-- [ RunTime:0.001000s ]

[ 2015-01-15T14:47:06+08:00 ] ::1 /addressbook/index.php/Home/Bm/index
INFO: [ app_init ] --START--
INFO: Run Behavior\BuildLiteBehavior [ RunTime:0.000000s ]
INFO: [ app_init ] --END-- [ RunTime:0.000000s ]

[ 2015-01-15T14:47:09+08:00 ] ::1 /addressbook/index.php/Home/Yg/index
INFO: [ app_init ] --START--
INFO: Run Behavior\BuildLiteBehavior [ RunTime:0.000000s ]
INFO: [ app_init ] --END-- [ RunTime:0.000000s ]

[ 2015-01-15T14:47:13+08:00 ] ::1 /addressbook/index.php/Home/Bm/index
INFO: [ app_init ] --START--
INFO: Run Behavior\BuildLiteBehavior [ RunTime:0.000000s ]
INFO: [ app_init ] --END-- [ RunTime:0.001000s ]

[ 2015-01-15T14:47:21+08:00 ] ::1 /addressbook/index.php/Home/Bm/delete/id/5
INFO: [ app_init ] --START--
INFO: Run Behavior\BuildLiteBehavior [ RunTime:0.000000s ]
INFO: [ app_init ] --END-- [ RunTime:0.000000s ]
ERR: Ê®°Êùø‰∏çÂ≠òÂú®:./Application/Home/View/Bm/delete.html

[ 2015-01-15T14:47:23+08:00 ] ::1 /addressbook/index.php/Home/Bm/index
INFO: [ app_init ] --START--
INFO: Run Behavior\BuildLiteBehavior [ RunTime:0.000000s ]
INFO: [ app_init ] --END-- [ RunTime:0.000000s ]

[ 2015-01-15T14:47:33+08:00 ] ::1 /addressbook/index.php/Home/Yg/index
INFO: [ app_init ] --START--
INFO: Run Behavior\BuildLiteBehavior [ RunTime:0.000000s ]
INFO: [ app_init ] --END-- [ RunTime:0.000000s ]

[ 2015-01-15T14:47:39+08:00 ] ::1 /addressbook/index.php/Home/Yg/add
INFO: [ app_init ] --START--
INFO: Run Behavior\BuildLiteBehavior [ RunTime:0.000000s ]
INFO: [ app_init ] --END-- [ RunTime:0.000000s ]

[ 2015-01-15T14:48:02+08:00 ] ::1 /addressbook/index.php/Home/Yg/insert
INFO: [ app_init ] --START--
INFO: Run Behavior\BuildLiteBehavior [ RunTime:0.000000s ]
INFO: [ app_init ] --END-- [ RunTime:0.000000s ]

[ 2015-01-15T14:48:04+08:00 ] ::1 /addressbook/index.php/Home/Yg/index
INFO: [ app_init ] --START--
INFO: Run Behavior\BuildLiteBehavior [ RunTime:0.000000s ]
INFO: [ app_init ] --END-- [ RunTime:0.001000s ]

[ 2015-01-15T14:48:08+08:00 ] ::1 /addressbook/index.php/Home/Yg/add
INFO: [ app_init ] --START--
INFO: Run Behavior\BuildLiteBehavior [ RunTime:0.000000s ]
INFO: [ app_init ] --END-- [ RunTime:0.000000s ]

[ 2015-01-15T14:48:35+08:00 ] ::1 /addressbook/index.php/Home/Yg/insert
INFO: [ app_init ] --START--
INFO: Run Behavior\BuildLiteBehavior [ RunTime:0.000000s ]
INFO: [ app_init ] --END-- [ RunTime:0.000000s ]

[ 2015-01-15T14:48:37+08:00 ] ::1 /addressbook/index.php/Home/Yg/index
INFO: [ app_init ] --START--
INFO: Run Behavior\BuildLiteBehavior [ RunTime:0.000000s ]
INFO: [ app_init ] --END-- [ RunTime:0.000000s ]

[ 2015-01-15T14:48:39+08:00 ] ::1 /addressbook/index.php/Home/Yg/add
INFO: [ app_init ] --START--
INFO: Run Behavior\BuildLiteBehavior [ RunTime:0.000000s ]
INFO: [ app_init ] --END-- [ RunTime:0.000000s ]

[ 2015-01-15T14:49:06+08:00 ] ::1 /addressbook/index.php/Home/Yg/insert
INFO: [ app_init ] --START--
INFO: Run Behavior\BuildLiteBehavior [ RunTime:0.000000s ]
INFO: [ app_init ] --END-- [ RunTime:0.001000s ]

[ 2015-01-15T14:49:08+08:00 ] ::1 /addressbook/index.php/Home/Yg/index
INFO: [ app_init ] --START--
INFO: Run Behavior\BuildLiteBehavior [ RunTime:0.000000s ]
INFO: [ app_init ] --END-- [ RunTime:0.000000s ]

[ 2015-01-15T14:49:12+08:00 ] ::1 /addressbook/index.php/Home/Yg/add
INFO: [ app_init ] --START--
INFO: Run Behavior\BuildLiteBehavior [ RunTime:0.000000s ]
INFO: [ app_init ] --END-- [ RunTime:0.000000s ]

[ 2015-01-15T14:49:31+08:00 ] ::1 /addressbook/index.php/Home/Yg/insert
INFO: [ app_init ] --START--
INFO: Run Behavior\BuildLiteBehavior [ RunTime:0.000000s ]
INFO: [ app_init ] --END-- [ RunTime:0.000000s ]

[ 2015-01-15T14:49:33+08:00 ] ::1 /addressbook/index.php/Home/Yg/index
INFO: [ app_init ] --START--
INFO: Run Behavior\BuildLiteBehavior [ RunTime:0.000000s ]
INFO: [ app_init ] --END-- [ RunTime:0.000000s ]

[ 2015-01-15T14:49:36+08:00 ] ::1 /addressbook/index.php/Home/Yg/add
INFO: [ app_init ] --START--
INFO: Run Behavior\BuildLiteBehavior [ RunTime:0.000000s ]
INFO: [ app_init ] --END-- [ RunTime:0.000000s ]

[ 2015-01-15T14:49:54+08:00 ] ::1 /addressbook/index.php/Home/Yg/insert
INFO: [ app_init ] --START--
INFO: Run Behavior\BuildLiteBehavior [ RunTime:0.000000s ]
INFO: [ app_init ] --END-- [ RunTime:0.001001s ]

[ 2015-01-15T14:49:56+08:00 ] ::1 /addressbook/index.php/Home/Yg/index
INFO: [ app_init ] --START--
INFO: Run Behavior\BuildLiteBehavior [ RunTime:0.000000s ]
INFO: [ app_init ] --END-- [ RunTime:0.000000s ]

[ 2015-01-15T14:50:01+08:00 ] ::1 /addressbook/index.php?m=Home&c=Yg&a=index&p=2
INFO: [ app_init ] --START--
INFO: Run Behavior\BuildLiteBehavior [ RunTime:0.000000s ]
INFO: [ app_init ] --END-- [ RunTime:0.000000s ]

[ 2015-01-15T14:50:04+08:00 ] ::1 /addressbook/index.php?m=Home&c=Yg&a=index&p=1
INFO: [ app_init ] --START--
INFO: Run Behavior\BuildLiteBehavior [ RunTime:0.000000s ]
INFO: [ app_init ] --END-- [ RunTime:0.001001s ]

[ 2015-01-15T14:50:18+08:00 ] ::1 /addressbook/index.php/Home/Yg/add
INFO: [ app_init ] --START--
INFO: Run Behavior\BuildLiteBehavior [ RunTime:0.000000s ]
INFO: [ app_init ] --END-- [ RunTime:0.001000s ]

[ 2015-01-15T14:50:28+08:00 ] ::1 /addressbook/index.php/Home/Bm/index
INFO: [ app_init ] --START--
INFO: Run Behavior\BuildLiteBehavior [ RunTime:0.000000s ]
INFO: [ app_init ] --END-- [ RunTime:0.001000s ]

[ 2015-01-15T14:56:29+08:00 ] ::1 /addressbook/index.php/Home/Bm/index
INFO: [ app_init ] --START--
INFO: Run Behavior\BuildLiteBehavior [ RunTime:0.000000s ]
INFO: [ app_init ] --END-- [ RunTime:0.000000s ]

[ 2015-01-15T14:58:03+08:00 ] ::1 /addressbook/index.php/Home/Bm/index
INFO: [ app_init ] --START--
INFO: Run Behavior\BuildLiteBehavior [ RunTime:0.000000s ]
INFO: [ app_init ] --END-- [ RunTime:0.000000s ]

[ 2015-01-15T14:58:08+08:00 ] ::1 /addressbook/index.php/Home/Bm/delete/id/1
INFO: [ app_init ] --START--
INFO: Run Behavior\BuildLiteBehavior [ RunTime:0.000000s ]
INFO: [ app_init ] --END-- [ RunTime:0.000000s ]
ERR: Ê®°Êùø‰∏çÂ≠òÂú®:./Application/Home/View/Bm/delete.html

[ 2015-01-15T14:58:11+08:00 ] ::1 /addressbook/index.php/Home/Bm/index
INFO: [ app_init ] --START--
INFO: Run Behavior\BuildLiteBehavior [ RunTime:0.000000s ]
INFO: [ app_init ] --END-- [ RunTime:0.000000s ]

[ 2015-01-15T14:58:37+08:00 ] ::1 /addressbook/index.php/Home/Bm/index
INFO: [ app_init ] --START--
INFO: Run Behavior\BuildLiteBehavior [ RunTime:0.000000s ]
INFO: [ app_init ] --END-- [ RunTime:0.000000s ]

[ 2015-01-15T14:58:40+08:00 ] ::1 /addressbook/index.php/Home/Bm/add
INFO: [ app_init ] --START--
INFO: Run Behavior\BuildLiteBehavior [ RunTime:0.000000s ]
INFO: [ app_init ] --END-- [ RunTime:0.000000s ]

[ 2015-01-15T14:58:47+08:00 ] ::1 /addressbook/index.php/Home/Bm/insert
INFO: [ app_init ] --START--
INFO: Run Behavior\BuildLiteBehavior [ RunTime:0.000000s ]
INFO: [ app_init ] --END-- [ RunTime:0.000000s ]

[ 2015-01-15T14:58:50+08:00 ] ::1 /addressbook/index.php/Home/Bm/index
INFO: [ app_init ] --START--
INFO: Run Behavior\BuildLiteBehavior [ RunTime:0.000000s ]
INFO: [ app_init ] --END-- [ RunTime:0.000000s ]

[ 2015-01-15T14:59:32+08:00 ] ::1 /addressbook/index.php/Home/Bm/index
INFO: [ app_init ] --START--
INFO: Run Behavior\BuildLiteBehavior [ RunTime:0.000000s ]
INFO: [ app_init ] --END-- [ RunTime:0.001000s ]

[ 2015-01-15T14:59:40+08:00 ] ::1 /addressbook/index.php/Home/Yg/index
INFO: [ app_init ] --START--
INFO: Run Behavior\BuildLiteBehavior [ RunTime:0.000000s ]
INFO: [ app_init ] --END-- [ RunTime:0.000000s ]

[ 2015-01-15T15:00:28+08:00 ] ::1 /addressbook/index.php/Home/Yg/add
INFO: [ app_init ] --START--
INFO: Run Behavior\BuildLiteBehavior [ RunTime:0.000000s ]
INFO: [ app_init ] --END-- [ RunTime:0.001000s ]

[ 2015-01-15T15:00:37+08:00 ] ::1 /addressbook/index.php/Home/Yg/index
INFO: [ app_init ] --START--
INFO: Run Behavior\BuildLiteBehavior [ RunTime:0.000000s ]
INFO: [ app_init ] --END-- [ RunTime:0.000000s ]

[ 2015-01-15T15:01:51+08:00 ] ::1 /addressbook/index.php/Home/Yg/add
INFO: [ app_init ] --START--
INFO: Run Behavior\BuildLiteBehavior [ RunTime:0.000000s ]
INFO: [ app_init ] --END-- [ RunTime:0.000000s ]

[ 2015-01-15T15:02:07+08:00 ] ::1 /addressbook/index.php/Home/Yg/add
INFO: [ app_init ] --START--
INFO: Run Behavior\BuildLiteBehavior [ RunTime:0.000000s ]
INFO: [ app_init ] --END-- [ RunTime:0.001000s ]

[ 2015-01-15T15:02:42+08:00 ] ::1 /addressbook/index.php/Home/Yg/add
INFO: [ app_init ] --START--
INFO: Run Behavior\BuildLiteBehavior [ RunTime:0.000000s ]
INFO: [ app_init ] --END-- [ RunTime:0.001000s ]

[ 2015-01-15T15:03:02+08:00 ] ::1 /addressbook/index.php/Home/Yg/add
INFO: [ app_init ] --START--
INFO: Run Behavior\BuildLiteBehavior [ RunTime:0.000000s ]
INFO: [ app_init ] --END-- [ RunTime:0.001000s ]

[ 2015-01-15T16:10:36+08:00 ] ::1 /addressbook/index.php/Home/Yg/index
INFO: [ app_init ] --START--
INFO: Run Behavior\BuildLiteBehavior [ RunTime:0.001001s ]
INFO: [ app_init ] --END-- [ RunTime:0.001001s ]

[ 2015-01-15T16:10:38+08:00 ] ::1 /addressbook/index.php/Home/Yg/add
INFO: [ app_init ] --START--
INFO: Run Behavior\BuildLiteBehavior [ RunTime:0.000000s ]
INFO: [ app_init ] --END-- [ RunTime:0.001000s ]

[ 2015-01-15T16:10:38+08:00 ] ::1 /addressbook/index.php/Home/Yg/selfverify
INFO: [ app_init ] --START--
INFO: Run Behavior\BuildLiteBehavior [ RunTime:0.000000s ]
INFO: [ app_init ] --END-- [ RunTime:0.001001s ]

[ 2015-01-15T16:11:05+08:00 ] ::1 /addressbook/index.php/Home/Yg/insert
INFO: [ app_init ] --START--
INFO: Run Behavior\BuildLiteBehavior [ RunTime:0.000000s ]
INFO: [ app_init ] --END-- [ RunTime:0.000000s ]

[ 2015-01-15T16:11:07+08:00 ] ::1 /addressbook/index.php/Home/Yg/index
INFO: [ app_init ] --START--
INFO: Run Behavior\BuildLiteBehavior [ RunTime:0.000000s ]
INFO: [ app_init ] --END-- [ RunTime:0.000000s ]

[ 2015-01-15T16:11:11+08:00 ] ::1 /addressbook/index.php/Home/Yg/add
INFO: [ app_init ] --START--
INFO: Run Behavior\BuildLiteBehavior [ RunTime:0.000000s ]
INFO: [ app_init ] --END-- [ RunTime:0.001000s ]

[ 2015-01-15T16:11:11+08:00 ] ::1 /addressbook/index.php/Home/Yg/selfverify
INFO: [ app_init ] --START--
INFO: Run Behavior\BuildLiteBehavior [ RunTime:0.000000s ]
INFO: [ app_init ] --END-- [ RunTime:0.000000s ]

[ 2015-01-15T16:12:39+08:00 ] ::1 /addressbook/index.php/Home/Yg/selfverify?0.5746377988823028
INFO: [ app_init ] --START--
INFO: Run Behavior\BuildLiteBehavior [ RunTime:0.000000s ]
INFO: [ app_init ] --END-- [ RunTime:0.000000s ]

[ 2015-01-15T16:12:40+08:00 ] ::1 /addressbook/index.php/Home/Yg/selfverify?0.5746377988823028?0.09032666022129171
INFO: [ app_init ] --START--
INFO: Run Behavior\BuildLiteBehavior [ RunTime:0.000000s ]
INFO: [ app_init ] --END-- [ RunTime:0.001000s ]

[ 2015-01-15T16:12:41+08:00 ] ::1 /addressbook/index.php/Home/Yg/selfverify?0.5746377988823028?0.09032666022129171?0.6339211391418367
INFO: [ app_init ] --START--
INFO: Run Behavior\BuildLiteBehavior [ RunTime:0.000000s ]
INFO: [ app_init ] --END-- [ RunTime:0.000000s ]

[ 2015-01-15T16:12:42+08:00 ] ::1 /addressbook/index.php/Home/Yg/selfverify?0.5746377988823028?0.09032666022129171?0.6339211391418367?0.5640839325037901
INFO: [ app_init ] --START--
INFO: Run Behavior\BuildLiteBehavior [ RunTime:0.000000s ]
INFO: [ app_init ] --END-- [ RunTime:0.000000s ]

[ 2015-01-15T16:12:42+08:00 ] ::1 /addressbook/index.php/Home/Yg/selfverify?0.5746377988823028?0.09032666022129171?0.6339211391418367?0.5640839325037901?0.1933035357828446
INFO: [ app_init ] --START--
INFO: Run Behavior\BuildLiteBehavior [ RunTime:0.000000s ]
INFO: [ app_init ] --END-- [ RunTime:0.000000s ]

[ 2015-01-15T16:12:42+08:00 ] ::1 /addressbook/index.php/Home/Yg/selfverify?0.5746377988823028?0.09032666022129171?0.6339211391418367?0.5640839325037901?0.1933035357828446?0.9129699179489032
INFO: [ app_init ] --START--
INFO: Run Behavior\BuildLiteBehavior [ RunTime:0.000000s ]
INFO: [ app_init ] --END-- [ RunTime:0.001000s ]

[ 2015-01-15T16:12:42+08:00 ] ::1 /addressbook/index.php/Home/Yg/selfverify?0.5746377988823028?0.09032666022129171?0.6339211391418367?0.5640839325037901?0.1933035357828446?0.9129699179489032?0.20651764757094965
INFO: [ app_init ] --START--
INFO: Run Behavior\BuildLiteBehavior [ RunTime:0.000000s ]
INFO: [ app_init ] --END-- [ RunTime:0.001000s ]

[ 2015-01-15T16:12:43+08:00 ] ::1 /addressbook/index.php/Home/Yg/selfverify?0.5746377988823028?0.09032666022129171?0.6339211391418367?0.5640839325037901?0.1933035357828446?0.9129699179489032?0.20651764757094965?0.09805539339252661
INFO: [ app_init ] --START--
INFO: Run Behavior\BuildLiteBehavior [ RunTime:0.000000s ]
INFO: [ app_init ] --END-- [ RunTime:0.000000s ]

[ 2015-01-15T16:12:43+08:00 ] ::1 /addressbook/index.php/Home/Yg/selfverify?0.5746377988823028?0.09032666022129171?0.6339211391418367?0.5640839325037901?0.1933035357828446?0.9129699179489032?0.20651764757094965?0.09805539339252661?0.18571517593301978
INFO: [ app_init ] --START--
INFO: Run Behavior\BuildLiteBehavior [ RunTime:0.000000s ]
INFO: [ app_init ] --END-- [ RunTime:0.001000s ]

[ 2015-01-15T16:12:43+08:00 ] ::1 /addressbook/index.php/Home/Yg/selfverify?0.5746377988823028?0.09032666022129171?0.6339211391418367?0.5640839325037901?0.1933035357828446?0.9129699179489032?0.20651764757094965?0.09805539339252661?0.18571517593301978?0.08682011456923544
INFO: [ app_init ] --START--
INFO: Run Behavior\BuildLiteBehavior [ RunTime:0.000000s ]
INFO: [ app_init ] --END-- [ RunTime:0.001000s ]

[ 2015-01-15T16:12:43+08:00 ] ::1 /addressbook/index.php/Home/Yg/selfverify?0.5746377988823028?0.09032666022129171?0.6339211391418367?0.5640839325037901?0.1933035357828446?0.9129699179489032?0.20651764757094965?0.09805539339252661?0.18571517593301978?0.08682011456923544?0.22923781486345734
INFO: [ app_init ] --START--
INFO: Run Behavior\BuildLiteBehavior [ RunTime:0.000000s ]
INFO: [ app_init ] --END-- [ RunTime:0.001000s ]

[ 2015-01-15T16:18:34+08:00 ] ::1 /addressbook/index.php/Home/Yg/add
INFO: [ app_init ] --START--
INFO: Run Behavior\BuildLiteBehavior [ RunTime:0.000000s ]
INFO: [ app_init ] --END-- [ RunTime:0.001000s ]

[ 2015-01-15T16:18:34+08:00 ] ::1 /addressbook/index.php/Home/Yg/selfverify
INFO: [ app_init ] --START--
INFO: Run Behavior\BuildLiteBehavior [ RunTime:0.000000s ]
INFO: [ app_init ] --END-- [ RunTime:0.000000s ]

[ 2015-01-15T16:19:09+08:00 ] ::1 /addressbook/index.php/Home/Yg/selfverify?0.97060327348596
INFO: [ app_init ] --START--
INFO: Run Behavior\BuildLiteBehavior [ RunTime:0.000000s ]
INFO: [ app_init ] --END-- [ RunTime:0.001000s ]

[ 2015-01-15T16:19:17+08:00 ] ::1 /addressbook/index.php/Home/Yg/insert
INFO: [ app_init ] --START--
INFO: Run Behavior\BuildLiteBehavior [ RunTime:0.000000s ]
INFO: [ app_init ] --END-- [ RunTime:0.000000s ]

[ 2015-01-15T16:22:05+08:00 ] ::1 /addressbook/index.php/Home/Yg/insert
INFO: [ app_init ] --START--
INFO: Run Behavior\BuildLiteBehavior [ RunTime:0.000000s ]
INFO: [ app_init ] --END-- [ RunTime:0.001000s ]

[ 2015-01-15T16:22:39+08:00 ] ::1 /addressbook/index.php/Home/Yg/insert
INFO: [ app_init ] --START--
INFO: Run Behavior\BuildLiteBehavior [ RunTime:0.000000s ]
INFO: [ app_init ] --END-- [ RunTime:0.001000s ]

[ 2015-01-15T16:23:03+08:00 ] ::1 /addressbook/index.php/Home/Yg/insert
INFO: [ app_init ] --START--
INFO: Run Behavior\BuildLiteBehavior [ RunTime:0.000000s ]
INFO: [ app_init ] --END-- [ RunTime:0.000000s ]

[ 2015-01-15T16:23:05+08:00 ] ::1 /addressbook/index.php/Home/Yg/index
INFO: [ app_init ] --START--
INFO: Run Behavior\BuildLiteBehavior [ RunTime:0.000000s ]
INFO: [ app_init ] --END-- [ RunTime:0.001000s ]

[ 2015-01-15T16:23:10+08:00 ] ::1 /addressbook/index.php/Home/Yg/add
INFO: [ app_init ] --START--
INFO: Run Behavior\BuildLiteBehavior [ RunTime:0.000000s ]
INFO: [ app_init ] --END-- [ RunTime:0.000000s ]

[ 2015-01-15T16:23:10+08:00 ] ::1 /addressbook/index.php/Home/Yg/selfverify
INFO: [ app_init ] --START--
INFO: Run Behavior\BuildLiteBehavior [ RunTime:0.000000s ]
INFO: [ app_init ] --END-- [ RunTime:0.000000s ]

[ 2015-01-15T16:23:28+08:00 ] ::1 /addressbook/index.php/Home/Yg/insert
INFO: [ app_init ] --START--
INFO: Run Behavior\BuildLiteBehavior [ RunTime:0.000000s ]
INFO: [ app_init ] --END-- [ RunTime:0.000000s ]

[ 2015-01-15T16:23:29+08:00 ] ::1 /addressbook/index.php/Home/Yg/selfverify
INFO: [ app_init ] --START--
INFO: Run Behavior\BuildLiteBehavior [ RunTime:0.000000s ]
INFO: [ app_init ] --END-- [ RunTime:0.001000s ]

[ 2015-01-15T16:23:32+08:00 ] ::1 /addressbook/index.php/Home/Yg/insert
INFO: [ app_init ] --START--
INFO: Run Behavior\BuildLiteBehavior [ RunTime:0.000000s ]
INFO: [ app_init ] --END-- [ RunTime:0.000000s ]

[ 2015-01-15T16:23:35+08:00 ] ::1 /addressbook/index.php/Home/Yg/index
INFO: [ app_init ] --START--
INFO: Run Behavior\BuildLiteBehavior [ RunTime:0.000000s ]
INFO: [ app_init ] --END-- [ RunTime:0.000000s ]

[ 2015-01-15T16:26:49+08:00 ] ::1 /addressbook/index.php/Home/Yg/add
INFO: [ app_init ] --START--
INFO: Run Behavior\BuildLiteBehavior [ RunTime:0.000000s ]
INFO: [ app_init ] --END-- [ RunTime:0.000000s ]

[ 2015-01-15T16:27:04+08:00 ] ::1 /addressbook/index.php/Home/Yg/add
INFO: [ app_init ] --START--
INFO: Run Behavior\BuildLiteBehavior [ RunTime:0.000000s ]
INFO: [ app_init ] --END-- [ RunTime:0.010000s ]
ERR: Think\Controller:check_verifyÊñπÊ≥ï‰∏çÂ≠òÂú®ÔºÅ

[ 2015-01-15T16:27:40+08:00 ] ::1 /addressbook/index.php/Home/Yg/add
INFO: [ app_init ] --START--
INFO: Run Behavior\BuildLiteBehavior [ RunTime:0.000000s ]
INFO: [ app_init ] --END-- [ RunTime:0.000000s ]

[ 2015-01-15T16:27:40+08:00 ] ::1 /addressbook/index.php/Home/Yg/selfverify
INFO: [ app_init ] --START--
INFO: Run Behavior\BuildLiteBehavior [ RunTime:0.000000s ]
INFO: [ app_init ] --END-- [ RunTime:0.000000s ]

[ 2015-01-15T16:28:03+08:00 ] ::1 /addressbook/index.php/Home/Yg/insert
INFO: [ app_init ] --START--
INFO: Run Behavior\BuildLiteBehavior [ RunTime:0.000000s ]
INFO: [ app_init ] --END-- [ RunTime:0.000000s ]

[ 2015-01-15T16:28:03+08:00 ] ::1 /addressbook/index.php/Home/Yg/selfverify
INFO: [ app_init ] --START--
INFO: Run Behavior\BuildLiteBehavior [ RunTime:0.000000s ]
INFO: [ app_init ] --END-- [ RunTime:0.000000s ]

[ 2015-01-15T16:28:05+08:00 ] ::1 /addressbook/index.php/Home/Yg/selfverify?0.8642998668775996
INFO: [ app_init ] --START--
INFO: Run Behavior\BuildLiteBehavior [ RunTime:0.000000s ]
INFO: [ app_init ] --END-- [ RunTime:0.001000s ]

[ 2015-01-15T16:28:13+08:00 ] ::1 /addressbook/index.php/Home/Yg/insert
INFO: [ app_init ] --START--
INFO: Run Behavior\BuildLiteBehavior [ RunTime:0.000000s ]
INFO: [ app_init ] --END-- [ RunTime:0.000000s ]

[ 2015-01-15T16:28:15+08:00 ] ::1 /addressbook/index.php/Home/Yg/index
INFO: [ app_init ] --START--
INFO: Run Behavior\BuildLiteBehavior [ RunTime:0.000000s ]
INFO: [ app_init ] --END-- [ RunTime:0.000000s ]

[ 2015-01-15T16:28:20+08:00 ] ::1 /addressbook/index.php/Home/Yg/add
INFO: [ app_init ] --START--
INFO: Run Behavior\BuildLiteBehavior [ RunTime:0.000000s ]
INFO: [ app_init ] --END-- [ RunTime:0.000000s ]

[ 2015-01-15T16:28:20+08:00 ] ::1 /addressbook/index.php/Home/Yg/selfverify
INFO: [ app_init ] --START--
INFO: Run Behavior\BuildLiteBehavior [ RunTime:0.000000s ]
INFO: [ app_init ] --END-- [ RunTime:0.001000s ]

[ 2015-01-15T16:28:41+08:00 ] ::1 /addressbook/index.php/Home/Yg/insert
INFO: [ app_init ] --START--
INFO: Run Behavior\BuildLiteBehavior [ RunTime:0.000000s ]
INFO: [ app_init ] --END-- [ RunTime:0.000000s ]

[ 2015-01-15T16:28:43+08:00 ] ::1 /addressbook/index.php/Home/Yg/selfverify
INFO: [ app_init ] --START--
INFO: Run Behavior\BuildLiteBehavior [ RunTime:0.000000s ]
INFO: [ app_init ] --END-- [ RunTime:0.001000s ]

[ 2015-01-15T16:28:53+08:00 ] ::1 /addressbook/index.php/Home/Yg/insert
INFO: [ app_init ] --START--
INFO: Run Behavior\BuildLiteBehavior [ RunTime:0.000000s ]
INFO: [ app_init ] --END-- [ RunTime:0.000000s ]

[ 2015-01-15T16:28:54+08:00 ] ::1 /addressbook/index.php/Home/Yg/selfverify
INFO: [ app_init ] --START--
INFO: Run Behavior\BuildLiteBehavior [ RunTime:0.000000s ]
INFO: [ app_init ] --END-- [ RunTime:0.000000s ]

[ 2015-01-15T16:29:32+08:00 ] ::1 /addressbook/index.php/Home/Yg/insert
INFO: [ app_init ] --START--
INFO: Run Behavior\BuildLiteBehavior [ RunTime:0.000000s ]
INFO: [ app_init ] --END-- [ RunTime:0.001000s ]

[ 2015-01-15T16:29:34+08:00 ] ::1 /addressbook/index.php/Home/Yg/selfverify
INFO: [ app_init ] --START--
INFO: Run Behavior\BuildLiteBehavior [ RunTime:0.000000s ]
INFO: [ app_init ] --END-- [ RunTime:0.001000s ]

[ 2015-01-15T16:29:48+08:00 ] ::1 /addressbook/index.php/Home/Yg/insert
INFO: [ app_init ] --START--
INFO: Run Behavior\BuildLiteBehavior [ RunTime:0.000000s ]
INFO: [ app_init ] --END-- [ RunTime:0.000000s ]

[ 2015-01-15T16:29:50+08:00 ] ::1 /addressbook/index.php/Home/Yg/index
INFO: [ app_init ] --START--
INFO: Run Behavior\BuildLiteBehavior [ RunTime:0.000000s ]
INFO: [ app_init ] --END-- [ RunTime:0.000000s ]

[ 2015-01-15T17:01:44+08:00 ] ::1 /addressbook/index.php/Home/Yg/index
INFO: [ app_init ] --START--
INFO: Run Behavior\BuildLiteBehavior [ RunTime:0.000000s ]
INFO: [ app_init ] --END-- [ RunTime:0.000000s ]

